Log file open, 09/04/18 11:11:02
LogWindows: Failed to load 'aqProf.dll' (GetLastError=126)
LogWindows: File 'aqProf.dll' does not exist
LogWindows: Failed to load 'VtuneApi.dll' (GetLastError=126)
LogWindows: File 'VtuneApi.dll' does not exist
LogWindows: Failed to load 'VtuneApi32e.dll' (GetLastError=126)
LogWindows: File 'VtuneApi32e.dll' does not exist
LogInit: Display: Running engine for game: dntstp
LogPlatformFile: Not using cached read wrapper
LogInit: Display: RandInit(-345729781) SRandInit(-345729781).
LogInit: Read version file with build ID '3944462'
LogInit: Overriding engine version to CL 4033788, compatible CL 3944462
LogInit: Registered custom module enumerator with build ID '3944462'
LogTaskGraph: Started task graph with 5 named threads and 14 total threads with 3 sets of task threads.
LogStats: Stats thread started at 0.199075
LogD3D11RHI: Aftermath initialized
LogICUInternationalization: Display: ICU TimeZone Detection - Raw Offset: -7:00, Platform Override: ''
LogModuleManager: Display: Found up-to-date module file ../../../Engine/Plugins/Runtime/SoundVisualizations/Binaries/Win64/UE4Editor-SoundVisualizations.dll (API version 3944462).
LogModuleManager: Display: Found up-to-date module file ../../../Engine/Plugins/2D/Paper2D/Binaries/Win64/UE4Editor-Paper2D.dll (API version 3944462).
LogModuleManager: Display: Found up-to-date module file ../../../Engine/Plugins/2D/Paper2D/Binaries/Win64/UE4Editor-Paper2DEditor.dll (API version 3944462).
LogModuleManager: Display: Found up-to-date module file ../../../Engine/Plugins/2D/Paper2D/Binaries/Win64/UE4Editor-PaperSpriteSheetImporter.dll (API version 3944462).
LogModuleManager: Display: Found up-to-date module file ../../../Engine/Plugins/2D/Paper2D/Binaries/Win64/UE4Editor-PaperTiledImporter.dll (API version 3944462).
LogModuleManager: Display: Found up-to-date module file ../../../Engine/Plugins/2D/Paper2D/Binaries/Win64/UE4Editor-SmartSnapping.dll (API version 3944462).
LogModuleManager: Display: Found up-to-date module file ../../../Engine/Plugins/Blendables/LightPropagationVolume/Binaries/Win64/UE4Editor-LightPropagationVolumeRuntime.dll (API version 3944462).
LogModuleManager: Display: Found up-to-date module file ../../../Engine/Plugins/Blendables/LightPropagationVolume/Binaries/Win64/UE4Editor-LightPropagationVolumeEditor.dll (API version 3944462).
LogModuleManager: Display: Found up-to-date module file ../../../Engine/Plugins/Developer/CLionSourceCodeAccess/Binaries/Win64/UE4Editor-CLionSourceCodeAccess.dll (API version 3944462).
LogModuleManager: Display: Found up-to-date module file ../../../Engine/Plugins/Developer/GitSourceControl/Binaries/Win64/UE4Editor-GitSourceControl.dll (API version 3944462).
LogModuleManager: Display: Found up-to-date module file ../../../Engine/Plugins/Developer/PerforceSourceControl/Binaries/Win64/UE4Editor-PerforceSourceControl.dll (API version 3944462).
LogModuleManager: Display: Found up-to-date module file ../../../Engine/Plugins/Developer/SubversionSourceControl/Binaries/Win64/UE4Editor-SubversionSourceControl.dll (API version 3944462).
LogModuleManager: Display: Found up-to-date module file ../../../Engine/Plugins/Developer/UObjectPlugin/Binaries/Win64/UE4Editor-UObjectPlugin.dll (API version 3944462).
LogModuleManager: Display: Found up-to-date module file ../../../Engine/Plugins/Developer/VisualStudioCodeSourceCodeAccess/Binaries/Win64/UE4Editor-VisualStudioCodeSourceCodeAccess.dll (API version 3944462).
LogModuleManager: Display: Found up-to-date module file ../../../Engine/Plugins/Developer/VisualStudioSourceCodeAccess/Binaries/Win64/UE4Editor-VisualStudioSourceCodeAccess.dll (API version 3944462).
LogModuleManager: Display: Found up-to-date module file ../../../Engine/Plugins/Editor/AssetManagerEditor/Binaries/Win64/UE4Editor-AssetManagerEditor.dll (API version 3944462).
LogModuleManager: Display: Found up-to-date module file ../../../Engine/Plugins/Editor/CryptoKeys/Binaries/Win64/UE4Editor-CryptoKeys.dll (API version 3944462).
LogModuleManager: Display: Found up-to-date module file ../../../Engine/Plugins/Editor/CryptoKeys/Binaries/Win64/UE4Editor-CryptoKeysOpenSSL.dll (API version 3944462).
LogModuleManager: Display: Found up-to-date module file ../../../Engine/Plugins/Editor/DataValidation/Binaries/Win64/UE4Editor-DataValidation.dll (API version 3944462).
LogModuleManager: Display: Found up-to-date module file ../../../Engine/Plugins/Editor/FacialAnimation/Binaries/Win64/UE4Editor-FacialAnimation.dll (API version 3944462).
LogModuleManager: Display: Found up-to-date module file ../../../Engine/Plugins/Editor/FacialAnimation/Binaries/Win64/UE4Editor-FacialAnimationEditor.dll (API version 3944462).
LogModuleManager: Display: Found up-to-date module file ../../../Engine/Plugins/Editor/GameplayTagsEditor/Binaries/Win64/UE4Editor-GameplayTagsEditor.dll (API version 3944462).
LogModuleManager: Display: Found up-to-date module file ../../../Engine/Plugins/Editor/MobileLauncherProfileWizard/Binaries/Win64/UE4Editor-MobileLauncherProfileWizard.dll (API version 3944462).
LogModuleManager: Display: Found up-to-date module file ../../../Engine/Plugins/Editor/PluginBrowser/Binaries/Win64/UE4Editor-PluginBrowser.dll (API version 3944462).
LogModuleManager: Display: Found up-to-date module file ../../../Engine/Plugins/Editor/SpeedTreeImporter/Binaries/Win64/UE4Editor-SpeedTreeImporter.dll (API version 3944462).
LogModuleManager: Display: Found up-to-date module file ../../../Engine/Plugins/Enterprise/DatasmithContent/Binaries/Win64/UE4Editor-DatasmithContent.dll (API version 3944462).
LogModuleManager: Display: Found up-to-date module file ../../../Engine/Plugins/Experimental/AlembicImporter/Binaries/Win64/UE4Editor-AlembicImporter.dll (API version 3944462).
LogModuleManager: Display: Found up-to-date module file ../../../Engine/Plugins/Experimental/AlembicImporter/Binaries/Win64/UE4Editor-AlembicLibrary.dll (API version 3944462).
LogModuleManager: Display: Found up-to-date module file ../../../Engine/Plugins/Experimental/CharacterAI/Binaries/Win64/UE4Editor-CharacterAI.dll (API version 3944462).
LogModuleManager: Display: Found up-to-date module file ../../../Engine/Plugins/Experimental/HTML5Networking/Binaries/Win64/UE4Editor-HTML5Networking.dll (API version 3944462).
LogModuleManager: Display: Found up-to-date module file ../../../Engine/Plugins/Media/AndroidMedia/Binaries/Win64/UE4Editor-AndroidMediaEditor.dll (API version 3944462).
LogModuleManager: Display: Found up-to-date module file ../../../Engine/Plugins/Media/AndroidMedia/Binaries/Win64/UE4Editor-AndroidMediaFactory.dll (API version 3944462).
LogModuleManager: Display: Found up-to-date module file ../../../Engine/Plugins/Media/AvfMedia/Binaries/Win64/UE4Editor-AvfMediaEditor.dll (API version 3944462).
LogModuleManager: Display: Found up-to-date module file ../../../Engine/Plugins/Media/AvfMedia/Binaries/Win64/UE4Editor-AvfMediaFactory.dll (API version 3944462).
LogModuleManager: Display: Found up-to-date module file ../../../Engine/Plugins/Media/AvfMedia/Binaries/Win64/UE4Editor-AvfMediaFactory.dll (API version 3944462).
LogModuleManager: Display: Found up-to-date module file ../../../Engine/Plugins/Media/ImgMedia/Binaries/Win64/UE4Editor-ImgMedia.dll (API version 3944462).
LogModuleManager: Display: Found up-to-date module file ../../../Engine/Plugins/Media/ImgMedia/Binaries/Win64/UE4Editor-ImgMediaEditor.dll (API version 3944462).
LogModuleManager: Display: Found up-to-date module file ../../../Engine/Plugins/Media/ImgMedia/Binaries/Win64/UE4Editor-ImgMediaFactory.dll (API version 3944462).
LogModuleManager: Display: Found up-to-date module file ../../../Engine/Plugins/Media/ImgMedia/Binaries/Win64/UE4Editor-ImgMediaFactory.dll (API version 3944462).
LogModuleManager: Display: Found up-to-date module file ../../../Engine/Plugins/Media/ImgMedia/Binaries/Win64/UE4Editor-OpenExrWrapper.dll (API version 3944462).
LogModuleManager: Display: Found up-to-date module file ../../../Engine/Plugins/Media/LinearTimecode/Binaries/Win64/UE4Editor-LinearTimecode.dll (API version 3944462).
LogModuleManager: Display: Found up-to-date module file ../../../Engine/Plugins/Media/MediaCompositing/Binaries/Win64/UE4Editor-MediaCompositing.dll (API version 3944462).
LogModuleManager: Display: Found up-to-date module file ../../../Engine/Plugins/Media/MediaCompositing/Binaries/Win64/UE4Editor-MediaCompositingEditor.dll (API version 3944462).
LogModuleManager: Display: Found up-to-date module file ../../../Engine/Plugins/Media/MediaPlayerEditor/Binaries/Win64/UE4Editor-MediaPlayerEditor.dll (API version 3944462).
LogModuleManager: Display: Found up-to-date module file ../../../Engine/Plugins/Media/WmfMedia/Binaries/Win64/UE4Editor-WmfMedia.dll (API version 3944462).
LogModuleManager: Display: Found up-to-date module file ../../../Engine/Plugins/Media/WmfMedia/Binaries/Win64/UE4Editor-WmfMediaEditor.dll (API version 3944462).
LogModuleManager: Display: Found up-to-date module file ../../../Engine/Plugins/Media/WmfMedia/Binaries/Win64/UE4Editor-WmfMediaFactory.dll (API version 3944462).
LogModuleManager: Display: Found up-to-date module file ../../../Engine/Plugins/Media/WmfMedia/Binaries/Win64/UE4Editor-WmfMediaFactory.dll (API version 3944462).
LogModuleManager: Display: Found up-to-date module file ../../../Engine/Plugins/Messaging/TcpMessaging/Binaries/Win64/UE4Editor-TcpMessaging.dll (API version 3944462).
LogModuleManager: Display: Found up-to-date module file ../../../Engine/Plugins/Messaging/UdpMessaging/Binaries/Win64/UE4Editor-UdpMessaging.dll (API version 3944462).
LogModuleManager: Display: Found up-to-date module file ../../../Engine/Plugins/MovieScene/ActorSequence/Binaries/Win64/UE4Editor-ActorSequence.dll (API version 3944462).
LogModuleManager: Display: Found up-to-date module file ../../../Engine/Plugins/MovieScene/LevelSequenceEditor/Binaries/Win64/UE4Editor-LevelSequenceEditor.dll (API version 3944462).
LogModuleManager: Display: Found up-to-date module file ../../../Engine/Plugins/MovieScene/MatineeToLevelSequence/Binaries/Win64/UE4Editor-MatineeToLevelSequence.dll (API version 3944462).
LogModuleManager: Display: Found up-to-date module file ../../../Engine/Plugins/NetcodeUnitTest/NetcodeUnitTest/Binaries/Win64/UE4Editor-NetcodeUnitTest.dll (API version 3944462).
LogModuleManager: Display: Found up-to-date module file ../../../Engine/Plugins/NetcodeUnitTest/NUTUnrealEngine4/Binaries/Win64/UE4Editor-NUTUnrealEngine4.dll (API version 3944462).
LogModuleManager: Display: Found up-to-date module file ../../../Engine/Plugins/Online/OnlineSubsystem/Binaries/Win64/UE4Editor-OnlineSubsystem.dll (API version 3944462).
LogModuleManager: Display: Found up-to-date module file ../../../Engine/Plugins/Runtime/AndroidPermission/Binaries/Win64/UE4Editor-AndroidPermission.dll (API version 3944462).
LogModuleManager: Display: Found up-to-date module file ../../../Engine/Plugins/Online/OnlineSubsystemNull/Binaries/Win64/UE4Editor-OnlineSubsystemNull.dll (API version 3944462).
LogModuleManager: Display: Found up-to-date module file ../../../Engine/Plugins/Online/OnlineSubsystemUtils/Binaries/Win64/UE4Editor-OnlineSubsystemUtils.dll (API version 3944462).
LogModuleManager: Display: Found up-to-date module file ../../../Engine/Plugins/Online/OnlineSubsystemUtils/Binaries/Win64/UE4Editor-OnlineBlueprintSupport.dll (API version 3944462).
LogModuleManager: Display: Found up-to-date module file ../../../Engine/Plugins/Runtime/AndroidDeviceProfileSelector/Binaries/Win64/UE4Editor-AndroidDeviceProfileSelector.dll (API version 3944462).
LogModuleManager: Display: Found up-to-date module file ../../../Engine/Plugins/Runtime/AppleARKit/Binaries/Win64/UE4Editor-AppleARKit.dll (API version 3944462).
LogModuleManager: Display: Found up-to-date module file ../../../Engine/Plugins/Runtime/ProceduralMeshComponent/Binaries/Win64/UE4Editor-ProceduralMeshComponent.dll (API version 3944462).
LogModuleManager: Display: Found up-to-date module file ../../../Engine/Plugins/Runtime/ProceduralMeshComponent/Binaries/Win64/UE4Editor-ProceduralMeshComponentEditor.dll (API version 3944462).
LogModuleManager: Display: Found up-to-date module file ../../../Engine/Plugins/Animation/LiveLink/Binaries/Win64/UE4Editor-LiveLink.dll (API version 3944462).
LogModuleManager: Display: Found up-to-date module file ../../../Engine/Plugins/Animation/LiveLink/Binaries/Win64/UE4Editor-LiveLinkEditor.dll (API version 3944462).
LogModuleManager: Display: Found up-to-date module file ../../../Engine/Plugins/Runtime/ArchVisCharacter/Binaries/Win64/UE4Editor-ArchVisCharacter.dll (API version 3944462).
LogModuleManager: Display: Found up-to-date module file ../../../Engine/Plugins/Runtime/AudioCapture/Binaries/Win64/UE4Editor-AudioCapture.dll (API version 3944462).
LogModuleManager: Display: Found up-to-date module file ../../../Engine/Plugins/Runtime/AudioCapture/Binaries/Win64/UE4Editor-AudioCaptureEditor.dll (API version 3944462).
LogModuleManager: Display: Found up-to-date module file ../../../Engine/Plugins/Runtime/CableComponent/Binaries/Win64/UE4Editor-CableComponent.dll (API version 3944462).
LogModuleManager: Display: Found up-to-date module file ../../../Engine/Plugins/Runtime/CustomMeshComponent/Binaries/Win64/UE4Editor-CustomMeshComponent.dll (API version 3944462).
LogModuleManager: Display: Found up-to-date module file ../../../Engine/Plugins/Runtime/ExampleDeviceProfileSelector/Binaries/Win64/UE4Editor-ExampleDeviceProfileSelector.dll (API version 3944462).
LogModuleManager: Display: Found up-to-date module file ../../../Engine/Plugins/Runtime/ImmediatePhysics/Binaries/Win64/UE4Editor-ImmediatePhysics.dll (API version 3944462).
LogModuleManager: Display: Found up-to-date module file ../../../Engine/Plugins/Runtime/ImmediatePhysics/Binaries/Win64/UE4Editor-ImmediatePhysicsEditor.dll (API version 3944462).
LogModuleManager: Display: Found up-to-date module file ../../../Engine/Plugins/Runtime/LocationServicesBPLibrary/Binaries/Win64/UE4Editor-LocationServicesBPLibrary.dll (API version 3944462).
LogModuleManager: Display: Found up-to-date module file ../../../Engine/Plugins/Runtime/MobilePatchingUtils/Binaries/Win64/UE4Editor-MobilePatchingUtils.dll (API version 3944462).
LogModuleManager: Display: Found up-to-date module file ../../../Engine/Plugins/Runtime/Oculus/OculusVR/Binaries/Win64/UE4Editor-OculusHMD.dll (API version 3944462).
LogModuleManager: Display: Found up-to-date module file ../../../Engine/Plugins/Runtime/Oculus/OculusVR/Binaries/Win64/UE4Editor-OculusInput.dll (API version 3944462).
LogModuleManager: Display: Found up-to-date module file ../../../Engine/Plugins/Runtime/Oculus/OculusVR/Binaries/Win64/UE4Editor-OculusEditor.dll (API version 3944462).
LogModuleManager: Display: Found up-to-date module file ../../../Engine/Plugins/Runtime/PhysXVehicles/Binaries/Win64/UE4Editor-PhysXVehicles.dll (API version 3944462).
LogModuleManager: Display: Found up-to-date module file ../../../Engine/Plugins/Runtime/PhysXVehicles/Binaries/Win64/UE4Editor-PhysXVehiclesEditor.dll (API version 3944462).
LogModuleManager: Display: Found up-to-date module file ../../../Engine/Plugins/Runtime/RuntimePhysXCooking/Binaries/Win64/UE4Editor-RuntimePhysXCooking.dll (API version 3944462).
LogModuleManager: Display: Found up-to-date module file ../../../Engine/Plugins/Runtime/Steam/SteamVR/Binaries/Win64/UE4Editor-SteamVR.dll (API version 3944462).
LogModuleManager: Display: Found up-to-date module file ../../../Engine/Plugins/Runtime/Steam/SteamVR/Binaries/Win64/UE4Editor-SteamVRController.dll (API version 3944462).
LogModuleManager: Display: Found up-to-date module file ../../../Engine/Plugins/Runtime/WindowsMoviePlayer/Binaries/Win64/UE4Editor-WindowsMoviePlayer.dll (API version 3944462).
LogPluginManager: Mounting plugin Paper2D
LogPluginManager: Mounting plugin LiveLink
LogPluginManager: Mounting plugin LightPropagationVolume
LogPluginManager: Mounting plugin CLionSourceCodeAccess
LogPluginManager: Mounting plugin CodeLiteSourceCodeAccess
LogPluginManager: Mounting plugin GitSourceControl
LogPluginManager: Mounting plugin KDevelopSourceCodeAccess
LogPluginManager: Mounting plugin NullSourceCodeAccess
LogPluginManager: Mounting plugin PerforceSourceControl
LogPluginManager: Mounting plugin SubversionSourceControl
LogPluginManager: Mounting plugin UObjectPlugin
LogPluginManager: Mounting plugin VisualStudioCodeSourceCodeAccess
LogPluginManager: Mounting plugin VisualStudioSourceCodeAccess
LogPluginManager: Mounting plugin XCodeSourceCodeAccess
LogPluginManager: Mounting plugin AssetManagerEditor
LogPluginManager: Mounting plugin CryptoKeys
LogPluginManager: Mounting plugin DataValidation
LogPluginManager: Mounting plugin FacialAnimation
LogPluginManager: Mounting plugin GameplayTagsEditor
LogPluginManager: Mounting plugin MobileLauncherProfileWizard
LogPluginManager: Mounting plugin PluginBrowser
LogPluginManager: Mounting plugin SpeedTreeImporter
LogPluginManager: Mounting plugin DatasmithContent
LogPluginManager: Mounting plugin AlembicImporter
LogPluginManager: Mounting plugin CharacterAI
LogPluginManager: Mounting plugin HTML5Networking
LogPluginManager: Mounting plugin AndroidMedia
LogPluginManager: Mounting plugin AvfMedia
LogPluginManager: Mounting plugin ImgMedia
LogPluginManager: Mounting plugin LinearTimecode
LogPluginManager: Mounting plugin MediaCompositing
LogPluginManager: Mounting plugin MediaPlayerEditor
LogPluginManager: Mounting plugin WmfMedia
LogPluginManager: Mounting plugin TcpMessaging
LogPluginManager: Mounting plugin UdpMessaging
LogPluginManager: Mounting plugin ActorSequence
LogPluginManager: Mounting plugin LevelSequenceEditor
LogPluginManager: Mounting plugin MatineeToLevelSequence
LogPluginManager: Mounting plugin NetcodeUnitTest
LogPluginManager: Mounting plugin NUTUnrealEngine4
LogPluginManager: Mounting plugin OnlineSubsystemGooglePlay
LogPluginManager: Mounting plugin OnlineSubsystemIOS
LogPluginManager: Mounting plugin OnlineSubsystem
LogPluginManager: Mounting plugin OnlineSubsystemNull
LogPluginManager: Mounting plugin OnlineSubsystemUtils
LogPluginManager: Mounting plugin AndroidDeviceProfileSelector
LogPluginManager: Mounting plugin AndroidMoviePlayer
LogPluginManager: Mounting plugin AndroidPermission
LogPluginManager: Mounting plugin AppleARKit
LogPluginManager: Mounting plugin AppleMoviePlayer
LogPluginManager: Mounting plugin ArchVisCharacter
LogPluginManager: Mounting plugin AudioCapture
LogPluginManager: Mounting plugin CableComponent
LogPluginManager: Mounting plugin CustomMeshComponent
LogPluginManager: Mounting plugin ExampleDeviceProfileSelector
LogPluginManager: Mounting plugin GoogleCloudMessaging
LogPluginManager: Mounting plugin ImmediatePhysics
LogPluginManager: Mounting plugin IOSDeviceProfileSelector
LogPluginManager: Mounting plugin LinuxDeviceProfileSelector
LogPluginManager: Mounting plugin LocationServicesBPLibrary
LogPluginManager: Mounting plugin MobilePatchingUtils
LogPluginManager: Mounting plugin OculusVR
LogPluginManager: Plugin shader directory ../../../Engine/Plugins/Runtime/Oculus/OculusVR/Shaders found
LogPluginManager: Mapping shader source directory ../../../Engine/Plugins/Runtime/Oculus/OculusVR/Shaders to virtual directory /Plugin/OculusVR
LogPluginManager: Mounting plugin PhysXVehicles
LogPluginManager: Mounting plugin ProceduralMeshComponent
LogPluginManager: Mounting plugin RuntimePhysXCooking
LogPluginManager: Mounting plugin SoundVisualizations
LogPluginManager: Mounting plugin SteamVR
LogPluginManager: Mounting plugin WindowsMoviePlayer
LogStreaming: Display: Took  1.666s to configure plugins.
LogInit: Using libcurl 7.47.1
LogInit:  - built for x86_64-pc-win32
LogInit:  - supports SSL with OpenSSL/1.0.2g
LogInit:  - supports HTTP deflate (compression) using libz 1.2.8
LogInit:  - other features:
LogInit:      CURL_VERSION_SSL
LogInit:      CURL_VERSION_LIBZ
LogInit:      CURL_VERSION_IPV6
LogInit:      CURL_VERSION_ASYNCHDNS
LogInit:      CURL_VERSION_LARGEFILE
LogInit:      CURL_VERSION_IDN
LogInit:  CurlRequestOptions (configurable via config and command line):
LogInit:  - bVerifyPeer = false  - Libcurl will NOT verify peer certificate
LogInit:  - bUseHttpProxy = false  - Libcurl will NOT use HTTP proxy
LogInit:  - bDontReuseConnections = false  - Libcurl will reuse connections
LogInit:  - CertBundlePath = nullptr  - Libcurl will use whatever was configured at build time.
LogInit:  - MaxHostConnections = 16  - Libcurl will limit the number of connections to a host
LogInit:  - LocalHostAddr = Default
LogInit: WinSock: version 1.1 (2.2), MaxSocks=32767, MaxUdp=65467
LogInit: WinSock: I am DESKTOP-VSHUBVA (10.61.97.128:0)
LogInit: Build: ++UE4+Release-4.19-CL-4033788
LogInit: Engine Version: 4.19.2-4033788+++UE4+Release-4.19
LogInit: Compatible Engine Version: 4.19.0-3944462+++UE4+Release-4.19
LogInit: Net CL: 3944462
LogDevObjectVersion: Number of dev versions registered: 18
LogDevObjectVersion:   Dev-Blueprints (B0D832E4-1F89-4F0D-ACCF-7EB736FD4AA2): 10
LogDevObjectVersion:   Dev-Build (E1C64328-A22C-4D53-A36C-8E866417BD8C): 0
LogDevObjectVersion:   Dev-Core (375EC13C-06E4-48FB-B500-84F0262A717E): 2
LogDevObjectVersion:   Dev-Editor (E4B068ED-F494-42E9-A231-DA0B2E46BB41): 23
LogDevObjectVersion:   Dev-Framework (CFFC743F-43B0-4480-9391-14DF171D2073): 33
LogDevObjectVersion:   Dev-Mobile (B02B49B5-BB20-44E9-A304-32B752E40360): 2
LogDevObjectVersion:   Dev-Networking (A4E4105C-59A1-49B5-A7C5-40C4547EDFEE): 0
LogDevObjectVersion:   Dev-Online (39C831C9-5AE6-47DC-9A44-9C173E1C8E7C): 0
LogDevObjectVersion:   Dev-Physics (78F01B33-EBEA-4F98-B9B4-84EACCB95AA2): 0
LogDevObjectVersion:   Dev-Platform (6631380F-2D4D-43E0-8009-CF276956A95A): 0
LogDevObjectVersion:   Dev-Rendering (12F88B9F-8875-4AFC-A67C-D90C383ABD29): 25
LogDevObjectVersion:   Dev-Sequencer (7B5AE74C-D270-4C10-A958-57980B212A5A): 6
LogDevObjectVersion:   Dev-VR (D7296918-1DD6-4BDD-9DE2-64A83CC13884): 1
LogDevObjectVersion:   Dev-LoadTimes (C2A15278-BFE7-4AFE-6C17-90FF531DF755): 1
LogDevObjectVersion:   Private-Geometry (6EACA3D4-40EC-4CC1-B786-8BED09428FC5): 2
LogDevObjectVersion:   Dev-AnimPhys (29E575DD-E0A3-4627-9D10-D276232CDCEA): 16
LogDevObjectVersion:   Dev-ReflectionCapture (6B266CEC-1EC7-4B8F-A30B-E4D90942FC07): 1
LogDevObjectVersion:   Dev-Automation (0DF73D61-A23F-47EA-B727-89E90C41499A): 1
LogInit: Compiled (64-bit): Apr 27 2018 02:06:57
LogInit: Compiled with Visual C++: 19.00.24215.01
LogInit: Build Configuration: Development
LogInit: Branch Name: ++UE4+Release-4.19
LogInit: Command Line: 
LogInit: Base Directory: C:/Program Files/Epic Games/UE_4.19/Engine/Binaries/Win64/
LogInit: Installed Engine Build: 1
LogStreaming: Display: Took  0.003s to delete old logs.
LogInit: Presizing for max 8388607 objects, including 0 objects not considered by GC, pre-allocating 0 bytes for permanent pool.
LogInit: Object subsystem initialized
[2018.09.04-18.11.04:322][  0]LogInit: Selected Device Profile: [Windows]
[2018.09.04-18.11.04:322][  0]LogInit: Applying CVar settings loaded from the selected device profile: [Windows]
[2018.09.04-18.11.04:343][  0]LogInit: Computer: DESKTOP-VSHUBVA
[2018.09.04-18.11.04:343][  0]LogInit: User: Makai
[2018.09.04-18.11.04:343][  0]LogInit: CPU Page size=4096, Cores=4
[2018.09.04-18.11.04:343][  0]LogInit: High frequency timer resolution =3.020494 MHz
[2018.09.04-18.11.04:343][  0]LogMemory: Memory total: Physical=16.0GB (16GB approx)
[2018.09.04-18.11.04:343][  0]LogMemory: Platform Memory Stats for Windows
[2018.09.04-18.11.04:343][  0]LogMemory: Process Physical Memory: 274.03 MB used, 274.03 MB peak
[2018.09.04-18.11.04:343][  0]LogMemory: Process Virtual Memory: 274.15 MB used, 274.15 MB peak
[2018.09.04-18.11.04:343][  0]LogMemory: Physical Memory: 5704.01 MB used,  10637.04 MB free, 16341.05 MB total
[2018.09.04-18.11.04:343][  0]LogMemory: Virtual Memory: 4789.38 MB used,  10637.04 MB free, 134217728.00 MB total
[2018.09.04-18.11.04:366][  0]LogInit: Using OS detected language (en-US).
[2018.09.04-18.11.04:366][  0]LogInit: Using OS detected locale (en-US).
[2018.09.04-18.11.04:370][  0]LogTextLocalizationManager: No specific localization for 'en-US' exists, so the 'en' localization will be used.
[2018.09.04-18.11.04:873][  0]LogStreaming: Display: Took  0.508s to EndInitTextLocalization.
[2018.09.04-18.11.04:874][  0]LogInit: Setting process to per monitor DPI aware
[2018.09.04-18.11.04:894][  0]LogSlate: New Slate User Created.  User Index 0, Is Virtual User: 0
[2018.09.04-18.11.04:894][  0]LogSlate: Slate User Registered.  User Index 0, Is Virtual User: 0
[2018.09.04-18.11.05:136][  0]LogD3D11RHI: D3D11 adapters:
[2018.09.04-18.11.05:236][  0]LogD3D11RHI:    0. 'NVIDIA GeForce GTX 1050 Ti' (Feature Level 11_0)
[2018.09.04-18.11.05:236][  0]LogD3D11RHI:       4018/0/8170 MB DedicatedVideo/DedicatedSystem/SharedSystem, Outputs:1, VendorId:0x10de
[2018.09.04-18.11.05:238][  0]LogD3D11RHI:    1. 'Microsoft Basic Render Driver' (Feature Level 11_0)
[2018.09.04-18.11.05:238][  0]LogD3D11RHI:       0/0/8170 MB DedicatedVideo/DedicatedSystem/SharedSystem, Outputs:0, VendorId:0x1414
[2018.09.04-18.11.05:239][  0]LogD3D11RHI: Chosen D3D11 Adapter: 0
[2018.09.04-18.11.05:245][  0]LogD3D11RHI: Creating new Direct3DDevice
[2018.09.04-18.11.05:245][  0]LogD3D11RHI:     GPU DeviceId: 0x1c82 (for the marketing name, search the web for "GPU Device Id")
[2018.09.04-18.11.05:245][  0]LogWindows: EnumDisplayDevices:
[2018.09.04-18.11.05:245][  0]LogWindows:    0. 'NVIDIA GeForce GTX 1050 Ti' (P:1 D:1)
[2018.09.04-18.11.05:246][  0]LogWindows:    1. 'NVIDIA GeForce GTX 1050 Ti' (P:0 D:0)
[2018.09.04-18.11.05:246][  0]LogWindows:    2. 'NVIDIA GeForce GTX 1050 Ti' (P:0 D:0)
[2018.09.04-18.11.05:246][  0]LogWindows:    3. 'NVIDIA GeForce GTX 1050 Ti' (P:0 D:0)
[2018.09.04-18.11.05:246][  0]LogWindows: DebugString: GetVideoDriverDetailsInvalid PrimaryIsNotTheChoosenAdapter GetVideoDriverDetailsInvalid PrimaryIsNotTheChoosenAdapter GetVideoDriverDetailsInvalid PrimaryIsNotTheChoosenAdapter GetVideoDriverDetailsInvalid PrimaryIsNotTheChoosenAdapter FoundDriverCount:0 
[2018.09.04-18.11.05:246][  0]LogD3D11RHI:     Adapter Name: NVIDIA GeForce GTX 1050 Ti
[2018.09.04-18.11.05:246][  0]LogD3D11RHI:   Driver Version: Unknown (internal:Unknown, unified:Unknown)
[2018.09.04-18.11.05:246][  0]LogD3D11RHI:      Driver Date: Unknown
[2018.09.04-18.11.05:246][  0]LogRHI: Texture pool is 2812 MB (70% of 4018 MB)
[2018.09.04-18.11.05:299][  0]LogD3D11RHI: [Aftermath] Aftermath enabled and primed
[2018.09.04-18.11.05:299][  0]LogD3D11RHI: [Aftermath] Aftermath enabled and primed
[2018.09.04-18.11.05:299][  0]LogD3D11RHI: Async texture creation enabled
[2018.09.04-18.11.05:318][  0]LogD3D11RHI: GPU Timing Frequency: 1000.000000 (Debug: 2 2)
[2018.09.04-18.11.05:320][  0]LogShaderCompilers: Guid format shader working directory is -17 characters bigger than the processId version (../../../../../../Users/Makai/Documents/Unreal Projects/dntstp/Intermediate/Shaders/WorkingDirectory/16336/).
[2018.09.04-18.11.05:320][  0]LogShaderCompilers: Cleaned the shader compiler working directory 'C:/Users/Makai/AppData/Local/Temp/UnrealShaderWorkingDir/D1D2516A46B36FC8106E7EBA2BCD4DA1/'.
[2018.09.04-18.11.05:674][  0]LogTemp: Display: Loaded TP AllDesktopTargetPlatform
[2018.09.04-18.11.05:692][  0]LogTemp: Display: Loaded TP MacClientTargetPlatform
[2018.09.04-18.11.05:709][  0]LogTemp: Display: Loaded TP MacNoEditorTargetPlatform
[2018.09.04-18.11.05:727][  0]LogTemp: Display: Loaded TP MacServerTargetPlatform
[2018.09.04-18.11.05:745][  0]LogTemp: Display: Loaded TP MacTargetPlatform
[2018.09.04-18.11.05:763][  0]LogTemp: Display: Loaded TP WindowsClientTargetPlatform
[2018.09.04-18.11.05:781][  0]LogTemp: Display: Loaded TP WindowsNoEditorTargetPlatform
[2018.09.04-18.11.05:799][  0]LogTemp: Display: Loaded TP WindowsServerTargetPlatform
[2018.09.04-18.11.05:808][  0]LogTemp: Display: Loaded TP WindowsTargetPlatform
[2018.09.04-18.11.05:823][  0]LogTemp: Display: Loaded TP Android_ASTCTargetPlatform
[2018.09.04-18.11.05:838][  0]LogTemp: Display: Loaded TP Android_ATCTargetPlatform
[2018.09.04-18.11.05:853][  0]LogTemp: Display: Loaded TP Android_DXTTargetPlatform
[2018.09.04-18.11.05:869][  0]LogTemp: Display: Loaded TP Android_ETC1aTargetPlatform
[2018.09.04-18.11.05:885][  0]LogTemp: Display: Loaded TP Android_ETC1TargetPlatform
[2018.09.04-18.11.05:901][  0]LogTemp: Display: Loaded TP Android_ETC2TargetPlatform
[2018.09.04-18.11.05:932][  0]LogTemp: Display: Loaded TP Android_MultiTargetPlatform
[2018.09.04-18.11.05:932][  0]LogTemp: Display: Loaded TP Android_PVRTCTargetPlatform
[2018.09.04-18.11.05:950][  0]LogTemp: Display: Loaded TP AndroidTargetPlatform
[2018.09.04-18.11.05:951][  0]LogTemp: Display: Loaded TP HTML5TargetPlatform
[2018.09.04-18.11.05:994][  0]LogTemp: Display: Loaded TP IOSTargetPlatform
[2018.09.04-18.11.06:009][  0]LogTemp: Display: Loaded TP TVOSTargetPlatform
[2018.09.04-18.11.06:025][  0]LogTemp: Display: Loaded TP LinuxClientTargetPlatform
[2018.09.04-18.11.06:041][  0]LogTemp: Display: Loaded TP LinuxNoEditorTargetPlatform
[2018.09.04-18.11.06:057][  0]LogTemp: Display: Loaded TP LinuxServerTargetPlatform
[2018.09.04-18.11.06:073][  0]LogTemp: Display: Loaded TP LinuxTargetPlatform
[2018.09.04-18.11.06:073][  0]LogTargetPlatformManager: Display: Building Assets For Windows
[2018.09.04-18.11.06:235][  0]LogXGEController: Cannot use XGE Controller as Incredibuild is not installed on this machine.
[2018.09.04-18.11.06:235][  0]LogShaderCompilers: Cannot use XGE Shader Compiler as Incredibuild is not installed on this machine.
[2018.09.04-18.11.06:235][  0]LogShaderCompilers: Display: Using Local Shader Compiler.
[2018.09.04-18.11.07:159][  0]LogDerivedDataCache: Display: Max Cache Size: 512 MB
[2018.09.04-18.11.07:253][  0]LogDerivedDataCache: Loaded boot cache 0.09s 74MB C:/Users/Makai/AppData/Local/UnrealEngine/4.19/DerivedDataCache/Boot.ddc.
[2018.09.04-18.11.07:253][  0]LogDerivedDataCache: Display: Loaded Boot cache: C:/Users/Makai/AppData/Local/UnrealEngine/4.19/DerivedDataCache/Boot.ddc
[2018.09.04-18.11.07:254][  0]LogDerivedDataCache: FDerivedDataBackendGraph:  Pak pak cache file ../../../../../../Users/Makai/Documents/Unreal Projects/dntstp/DerivedDataCache/DDC.ddp not found, will not use a pak cache.
[2018.09.04-18.11.07:254][  0]LogDerivedDataCache: Unable to find inner node Pak for hierarchical cache Hierarchy.
[2018.09.04-18.11.07:254][  0]LogDerivedDataCache: FDerivedDataBackendGraph:  CompressedPak pak cache file ../../../../../../Users/Makai/Documents/Unreal Projects/dntstp/DerivedDataCache/Compressed.ddp not found, will not use a pak cache.
[2018.09.04-18.11.07:254][  0]LogDerivedDataCache: Unable to find inner node CompressedPak for hierarchical cache Hierarchy.
[2018.09.04-18.11.07:274][  0]LogDerivedDataCache: Display: Pak cache opened for reading ../../../Engine/DerivedDataCache/Compressed.ddp.
[2018.09.04-18.11.07:287][  0]LogDerivedDataCache: Using Local data cache path C:/Users/Makai/AppData/Local/UnrealEngine/Common/DerivedDataCache: Writable
[2018.09.04-18.11.07:287][  0]LogDerivedDataCache: Shared data cache path not found in *engine.ini, will not use an Shared cache.
[2018.09.04-18.11.07:287][  0]LogDerivedDataCache: Unable to find inner node Shared for hierarchical cache Hierarchy.
[2018.09.04-18.11.07:303][  0]LogMaterial: Verifying Global Shaders for PCD3D_SM5
[2018.09.04-18.11.07:303][  0]LogSlate: Using Freetype 2.6.0
[2018.09.04-18.11.07:304][  0]LogSlate: SlateFontCache - WITH_FREETYPE: 1, WITH_HARFBUZZ: 1
[2018.09.04-18.11.07:304][  0]LogSlate: SlateFontCache - WITH_FREETYPE: 1, WITH_HARFBUZZ: 1
[2018.09.04-18.11.07:467][  0]LogAssetRegistry: FAssetRegistry took 0.0278 seconds to start up
[2018.09.04-18.11.07:887][  0]LogInit: Selected Device Profile: [Windows]
[2018.09.04-18.11.08:094][  0]LogSimplygon: Simplygon DLL not present - disabling.
[2018.09.04-18.11.08:098][  0]LogMeshReduction: Using SimplygonSwarm for distributed automatic mesh merging
[2018.09.04-18.11.08:098][  0]LogMeshReduction: Using QuadricMeshReduction for automatic static mesh reduction
[2018.09.04-18.11.08:098][  0]LogMeshReduction: No automatic skeletal mesh reduction module available
[2018.09.04-18.11.08:098][  0]LogMeshReduction: No automatic mesh merging module available
[2018.09.04-18.11.08:098][  0]LogMeshMerging: No automatic mesh merging module available
[2018.09.04-18.11.08:145][  0]LogNetVersion: dntstp , NetCL: 3944462, EngineNetVer: 2, GameNetVer: 0 (Checksum: 103664354)
[2018.09.04-18.11.08:745][  0]LogPackageLocalizationCache: Processed 9 localized package path(s) for 2 prioritized culture(s) in 0.106298 seconds
[2018.09.04-18.11.08:751][  0]LogUObjectArray: 36728 objects as part of root set at end of initial load.
[2018.09.04-18.11.08:751][  0]LogUObjectAllocator: 7314304 out of 0 bytes used by permanent object pool.
[2018.09.04-18.11.08:751][  0]LogUObjectArray: CloseDisregardForGC: 0/0 objects in disregard for GC pool
[2018.09.04-18.11.11:000][  0]LogTcpMessaging: Initializing TcpMessaging bridge
[2018.09.04-18.11.11:044][  0]LogUdpMessaging: Initializing bridge on interface 0.0.0.0:0 to multicast group 230.0.0.1:6666.
[2018.09.04-18.11.11:580][  0]SourceControl: Source control is disabled
[2018.09.04-18.11.11:580][  0]SourceControl: Source control is disabled
[2018.09.04-18.11.11:610][  0]SourceControl: Source control is disabled
[2018.09.04-18.11.11:641][  0]SourceControl: Source control is disabled
[2018.09.04-18.11.12:405][  0]LogAndroidPermission: UAndroidPermissionCallbackProxy::GetInstance
[2018.09.04-18.11.12:649][  0]LogOcInput: OculusInput pre-init called
[2018.09.04-18.11.12:836][  0]LogEngine: Initializing Engine...
[2018.09.04-18.11.12:837][  0]LogHMD: Failed to initialize OpenVR with code 110
[2018.09.04-18.11.12:839][  0]LogStats: UGameplayTagsManager::ConstructGameplayTagTree: Construct from data asset -  0.000 s
[2018.09.04-18.11.12:839][  0]LogStats: UGameplayTagsManager::ConstructGameplayTagTree: GameplayTagTreeChangedEvent.Broadcast -  0.000 s
[2018.09.04-18.11.13:146][  0]LogAIModule: Creating AISystem for world Untitled
[2018.09.04-18.11.13:222][  0]LogInit: XAudio2 using 'Speakers (2- High Definition Audio Device)' : 2 channels at 48 kHz using 16 bits per sample (channel mask 0x3)
[2018.09.04-18.11.13:236][  0]LogInit: FAudioDevice initialized.
[2018.09.04-18.11.13:547][  0]LogDerivedDataCache: Saved boot cache 0.31s 74MB C:/Users/Makai/AppData/Local/UnrealEngine/4.19/DerivedDataCache/Boot.ddc.
[2018.09.04-18.11.13:563][  0]LogInit: Texture streaming: Enabled
[2018.09.04-18.11.13:586][  0]LogEngineSessionManager: EngineSessionManager initialized
[2018.09.04-18.11.13:604][  0]LogInit: Transaction tracking system initialized
[2018.09.04-18.11.13:640][  0]BlueprintLog: New page: Editor Load
[2018.09.04-18.11.13:750][  0]LocalizationService: Localization service is disabled
[2018.09.04-18.11.13:898][  0]LogConsoleResponse: Display: 
[2018.09.04-18.11.14:094][  0]LogCook: Display: Max memory allowance for cook 16384mb min free memory 0mb
[2018.09.04-18.11.14:094][  0]LogCook: Display: Mobile HDR setting 1
[2018.09.04-18.11.14:094][  0]LogGameplayTags: Display: UGameplayTagsManager::DoneAddingNativeTags. DelegateIsBound: 0
[2018.09.04-18.11.14:094][  0]LogStats: UGameplayTagsManager::ConstructGameplayTagTree: Construct from data asset -  0.000 s
[2018.09.04-18.11.14:094][  0]LogStats: UGameplayTagsManager::ConstructGameplayTagTree: GameplayTagTreeChangedEvent.Broadcast -  0.000 s
[2018.09.04-18.11.14:676][  0]LogFileCache: Scanning file cache for directory 'C:/Users/Makai/Documents/Unreal Projects/dntstp/Content/' took 0.02s
[2018.09.04-18.11.14:676][  0]SourceControl: Source control is disabled
[2018.09.04-18.11.14:755][  0]LogSlate: Took 0.000421 seconds to synchronously load lazily loaded font '../../../Engine/Content/Slate/Fonts/Roboto-Regular.ttf' (155K)
[2018.09.04-18.11.36:818][  0]LogSlate: Window 'Restore Packages' being destroyed
[2018.09.04-18.11.36:818][  0]LogWindowsTextInputMethodSystem: Display: IME system now deactivated.
[2018.09.04-18.11.36:826][  0]LogWindowsTextInputMethodSystem: Display: IME system now deactivated.
[2018.09.04-18.11.36:828][  0]Cmd: MAP LOAD FILE="../../../Engine/Content/Maps/Templates/Template_Default.umap" TEMPLATE=1 SHOWPROGRESS=1 FEATURELEVEL=3
[2018.09.04-18.11.36:829][  0]LightingResults: New page: Lighting Build
[2018.09.04-18.11.36:835][  0]MapCheck: New page: Map Check
[2018.09.04-18.11.36:835][  0]LightingResults: New page: Lighting Build
[2018.09.04-18.11.37:061][  0]LogAIModule: Creating AISystem for world Untitled_1
[2018.09.04-18.11.37:069][  0]LogEditorServer: Finished looking for orphan Actors (0.000 secs)
[2018.09.04-18.11.37:084][  0]Cmd: MAP CHECKDEP NOCLEARLOG
[2018.09.04-18.11.37:159][  0]MapCheck: Map check complete: 0 Error(s), 0 Warning(s), took 74.739ms to complete.
[2018.09.04-18.11.37:159][  0]LogFileHelpers: Loading map 'Template_Default' took 0.331
[2018.09.04-18.11.37:353][  0]LogStats: Warning: MetaData mismatch. Did you assign a stat to two groups? New //STATGROUP_Threads//SplashScreenThread///Thread_368_0///####STATCAT_Advanced#### old //STATGROUP_Threads//SplashScreenThread///Thread_1dbc_0///####STATCAT_Advanced####
[2018.09.04-18.11.37:353][  0]LogCollectionManager: Loaded 0 collections in 0.002698 seconds
[2018.09.04-18.11.37:396][  0]LogFileCache: Scanning file cache for directory 'C:/Users/Makai/Documents/Unreal Projects/dntstp/Saved/Collections/' took 0.01s
[2018.09.04-18.11.37:396][  0]LogFileCache: Scanning file cache for directory 'C:/Users/Makai/Documents/Unreal Projects/dntstp/Content/Developers/Makai/Collections/' took 0.01s
[2018.09.04-18.11.37:396][  0]LogFileCache: Scanning file cache for directory 'C:/Users/Makai/Documents/Unreal Projects/dntstp/Content/Collections/' took 0.01s
[2018.09.04-18.11.37:396][  0]LogCollectionManager: Rebuilt the GUID cache for 0 collections in 0.000001 seconds
[2018.09.04-18.11.37:407][  0]LogContentBrowser: Native class hierarchy populated in 0.0106 seconds. Added 2453 classes and 561 folders.
[2018.09.04-18.11.37:416][  0]LogContentBrowser: Native class hierarchy updated for 'WidgetCarousel' in 0.0002 seconds. Added 0 classes and 0 folders.
[2018.09.04-18.11.38:207][  0]LogContentBrowser: Native class hierarchy updated for 'AddContentDialog' in 0.0003 seconds. Added 0 classes and 0 folders.
[2018.09.04-18.11.38:213][  0]LogContentBrowser: Native class hierarchy updated for 'SceneOutliner' in 0.0003 seconds. Added 1 classes and 2 folders.
[2018.09.04-18.11.40:341][  0]LogSlate: Only BGRA pngs, bmps or icos are supported in by External Image Picker
[2018.09.04-18.11.40:403][  0]LogContentBrowser: Native class hierarchy updated for 'HierarchicalLODOutliner' in 0.0003 seconds. Added 0 classes and 0 folders.
[2018.09.04-18.11.40:404][  0]LogLoad: (Engine Initialization) Total time: 39.64 seconds
[2018.09.04-18.11.40:404][  0]LogLoad: (Engine Initialization) Total Blueprint compile time: 0.00 seconds
[2018.09.04-18.11.40:745][  0]LogTemp: Executing iPhonePackager certificates Engine -bundlename com.YourCompany.dntstp
[2018.09.04-18.11.40:745][  0]LogTemp: CWD: C:\Program Files\Epic Games\UE_4.19\Engine\Binaries\DotNET\IOS
[2018.09.04-18.11.40:745][  0]LogTemp: Initial Dir: C:\Program Files\Epic Games\UE_4.19
[2018.09.04-18.11.40:745][  0]LogTemp: Env CWD: C:\Program Files\Epic Games\UE_4.19\Engine\Binaries\DotNET\IOS
[2018.09.04-18.11.40:745][  0]LogTemp: BranchPath = DESKTOP-VSHUBVA/C/Program Files/Epic Games/UE_4.19/Engine/Binaries --- GameBranchPath = DESKTOP-VSHUBVA/C/Program Files/Epic Games/UE_4.19/Engine/Binaries
[2018.09.04-18.11.40:745][  0]LogTemp: IPP ERROR: Could not find provision directory 'C:\Users\Makai\AppData\Local/Apple Computer/MobileDevice/Provisioning Profiles/'.
[2018.09.04-18.11.40:768][  0]LogContentStreaming: Texture pool size now 1000 MB
[2018.09.04-18.11.40:770][  0]LogSlate: Took 0.000260 seconds to synchronously load lazily loaded font '../../../Engine/Content/Slate/Fonts/Roboto-Bold.ttf' (160K)
[2018.09.04-18.11.40:799][  0]LogSlate: Took 0.022422 seconds to synchronously load lazily loaded font '../../../Engine/Content/Editor/Slate/Fonts/FontAwesome.ttf' (139K)
[2018.09.04-18.11.40:876][  0]LogRenderer: Reallocating scene render targets to support 64x64 Format 10 NumSamples 1 (Frame:1).
[2018.09.04-18.11.41:036][  0]LogRenderer: Reallocating scene render targets to support 760x360 Format 10 NumSamples 1 (Frame:1).
[2018.09.04-18.11.41:036][  0]LogSlate: Took 0.037926 seconds to synchronously load lazily loaded font '../../../Engine/Content/Slate/Fonts/Roboto-Light.ttf' (167K)
[2018.09.04-18.11.41:091][  1]LogAssetRegistry: Asset discovery search completed in 33.6477 seconds
[2018.09.04-18.11.41:094][  1]LogCollectionManager: Rebuilt the object cache for 0 collections in 0.000001 seconds (found 0 objects)
[2018.09.04-18.11.41:094][  1]LogCollectionManager: Fixed up redirectors for 0 collections in 0.000081 seconds (updated 0 objects)
[2018.09.04-18.11.41:746][  3]LogSlate: Took 0.000335 seconds to synchronously load lazily loaded font '../../../Engine/Content/Slate/Fonts/Roboto-Light.ttf' (167K)
[2018.09.04-18.12.35:042][541]LogSlate: FSceneViewport::OnFocusLost() reason 0
[2018.09.04-18.12.40:639][144]LogUObjectGlobals: Created PersistentFrame Addr=0x000002088eff7700, Size=240, Default__Char_Main_C Function /Game/Blueprints/Characters/Char_Main.Char_Main_C:ExecuteUbergraph_Char_Main
[2018.09.04-18.12.40:645][144]LogUObjectGlobals: Destroyed PersistentFrame Addr=0x000002088eff7700, Size=240
[2018.09.04-18.12.40:645][144]LogUObjectGlobals: Created PersistentFrame Addr=0x000002088eff7700, Size=240, Default__Char_Main_C Function /Engine/Transient.REINST_Char_Main_C_7:ExecuteUbergraph_Char_Main
[2018.09.04-18.12.40:650][144]LogUObjectGlobals: Created PersistentFrame Addr=0x00000208a1969200, Size=240, Default__Char_Main_C Function /Game/Blueprints/Characters/Char_Main.Char_Main_C:ExecuteUbergraph_Char_Main
[2018.09.04-18.12.40:782][144]LogSkeletalMesh: Skeletal Mesh found in DDC [22.638681ms] /Game/Meshes/Humanoid/lowpoly_male_base_mesh-TPOSE.lowpoly_male_base_mesh-TPOSE
[2018.09.04-18.12.40:942][144]LogSkeletalMesh: Skeletal Mesh found in DDC [20.731377ms] /Game/Meshes/Weapons/Gun.Gun
[2018.09.04-18.12.40:954][144]LogAIModule: Creating AISystem for world TestMaze
[2018.09.04-18.12.40:973][144]LogUObjectGlobals: Destroyed PersistentFrame Addr=0x000002088eff7700, Size=240
[2018.09.04-18.12.40:975][144]Cmd: MAP LOAD FILE="../../../../../../Users/Makai/Documents/Unreal Projects/dntstp/Content/Maps/TestMaze.umap" TEMPLATE=0 SHOWPROGRESS=1 FEATURELEVEL=3
[2018.09.04-18.12.40:975][144]LightingResults: New page: Lighting Build
[2018.09.04-18.12.40:976][144]LoadErrors: New page: Loading map: TestMaze.umap
[2018.09.04-18.12.40:976][144]MapCheck: New page: Map Check
[2018.09.04-18.12.40:976][144]LightingResults: New page: Lighting Build
[2018.09.04-18.12.41:064][144]LogEditorServer: Finished looking for orphan Actors (0.000 secs)
[2018.09.04-18.12.41:115][144]Cmd: MAP CHECKDEP NOCLEARLOG
[2018.09.04-18.12.41:192][144]MapCheck: Map check complete: 0 Error(s), 0 Warning(s), took 75.955ms to complete.
[2018.09.04-18.12.41:193][144]LogFileHelpers: Loading map 'TestMaze' took 0.220
[2018.09.04-18.12.42:390][247]LogTemp: Repeating last play command: Selected Viewport
[2018.09.04-18.12.42:415][247]LogPlayLevel: PlayLevel: No blueprints needed recompiling
[2018.09.04-18.12.42:415][247]PIE: New page: PIE session: TestMaze (Sep 4, 2018, 4:12:42 AM)
[2018.09.04-18.12.42:415][247]LogPlayLevel: Creating play world package: /Game/Maps/UEDPIE_0_TestMaze
[2018.09.04-18.12.42:419][247]LogPlayLevel: PIE: StaticDuplicateObject took: (0.003672s)
[2018.09.04-18.12.42:419][247]LogAIModule: Creating AISystem for world TestMaze
[2018.09.04-18.12.42:420][247]LogPlayLevel: PIE: World Init took: (0.000882s)
[2018.09.04-18.12.42:420][247]LogPlayLevel: PIE: Created PIE world by copying editor world from /Game/Maps/TestMaze.TestMaze to /Game/Maps/UEDPIE_0_TestMaze.TestMaze (0.004755s)
[2018.09.04-18.12.42:445][247]LogInit: XAudio2 using 'Speakers (2- High Definition Audio Device)' : 2 channels at 48 kHz using 16 bits per sample (channel mask 0x3)
[2018.09.04-18.12.42:456][247]LogInit: FAudioDevice initialized.
[2018.09.04-18.12.42:499][247]LogLoad: Game class is 'MainGM_C'
[2018.09.04-18.12.42:502][247]LogWorld: Bringing World /Game/Maps/UEDPIE_0_TestMaze.TestMaze up for play (max tick rate 0) at 2018.09.04-11.12.42
[2018.09.04-18.12.42:503][247]LogWorld: Bringing up level for play took: 0.002405
[2018.09.04-18.12.42:508][247]LogContentBrowser: Native class hierarchy updated for 'MovieSceneCapture' in 0.0003 seconds. Added 11 classes and 0 folders.
[2018.09.04-18.12.42:510][247]PIE: Play in editor start time for /Game/Maps/UEDPIE_0_TestMaze 0.032
[2018.09.04-18.13.08:732][378]LogSlate: FSceneViewport::OnFocusLost() reason 0
[2018.09.04-18.17.56:558][437]LogFactory: FactoryCreateFile: StaticMesh with FbxFactory (0 0 ../../../../../../Users/Makai/Documents/skull.fbx)
[2018.09.04-18.17.56:576][437]LogFbx: ItemName: GlobalSettings, ItemCount : 1
[2018.09.04-18.17.56:576][437]LogFbx: ItemName: Geometry, ItemCount : 2
[2018.09.04-18.17.56:576][437]LogFbx: ItemName: Model, ItemCount : 2
[2018.09.04-18.17.56:576][437]LogFbx: ItemName: AnimationStack, ItemCount : 1
[2018.09.04-18.17.56:576][437]LogFbx: ItemName: AnimationLayer, ItemCount : 1
[2018.09.04-18.17.56:576][437]LogFbx: ItemName: AnimationCurveNode, ItemCount : 3
[2018.09.04-18.17.56:576][437]LogFbx: ItemName: AnimationCurve, ItemCount : 7
[2018.09.04-18.17.56:582][437]LogFbx: Loading FBX Scene from ../../../../../../Users/Makai/Documents/skull.fbx
[2018.09.04-18.17.56:635][437]LogFbx: FBX Scene Loaded Succesfully
[2018.09.04-18.18.05:550][437]LogSlate: Window 'FBX Import Options' being destroyed
[2018.09.04-18.18.05:598][437]LogFbx: Loading FBX Scene from ../../../../../../Users/Makai/Documents/skull.fbx
[2018.09.04-18.18.05:651][437]LogFbx: FBX Scene Loaded Succesfully
[2018.09.04-18.18.05:651][437]LogFbx: =================================================
[2018.09.04-18.18.05:651][437]LogFbx: Dumping Node START [skull.001] 
[2018.09.04-18.18.05:651][437]LogFbx: 	Total Deformer Count -1586457664.
[2018.09.04-18.18.05:651][437]LogFbx: 	Attribute (skull.002) Type (4).
[2018.09.04-18.18.05:651][437]LogFbx: 		[Node Attribute Child 1] skull.001 (Type Mesh).
[2018.09.04-18.18.05:651][437]LogFbx: Dumping Node END [skull.001]
[2018.09.04-18.18.05:651][437]LogFbx: =================================================
[2018.09.04-18.18.05:651][437]LogFbx: Dumping Node START [skull] 
[2018.09.04-18.18.05:651][437]LogFbx: 	Total Deformer Count -2031950640.
[2018.09.04-18.18.05:651][437]LogFbx: 	Attribute (skull.003) Type (4).
[2018.09.04-18.18.05:651][437]LogFbx: 		[Node Attribute Child 1] skull (Type Mesh).
[2018.09.04-18.18.05:651][437]LogFbx: Dumping Node END [skull]
[2018.09.04-18.18.05:651][437]LogFbx: =================================================
[2018.09.04-18.18.05:651][437]LogFbx: Dumping Node START [skull.001] 
[2018.09.04-18.18.05:651][437]LogFbx: 	Total Deformer Count -1586457152.
[2018.09.04-18.18.05:652][437]LogFbx: 	Attribute (skull.002) Type (4).
[2018.09.04-18.18.05:652][437]LogFbx: 		[Node Attribute Child 1] skull.001 (Type Mesh).
[2018.09.04-18.18.05:652][437]LogFbx: Dumping Node END [skull.001]
[2018.09.04-18.18.05:652][437]LogFbx: =================================================
[2018.09.04-18.18.05:652][437]LogFbx: Dumping Node START [skull] 
[2018.09.04-18.18.05:652][437]LogFbx: 	Total Deformer Count -2031950640.
[2018.09.04-18.18.05:652][437]LogFbx: 	Attribute (skull.003) Type (4).
[2018.09.04-18.18.05:652][437]LogFbx: 		[Node Attribute Child 1] skull (Type Mesh).
[2018.09.04-18.18.05:652][437]LogFbx: Dumping Node END [skull]
[2018.09.04-18.18.05:653][437]LogFbx: Triangulating skeletal mesh skull.001
[2018.09.04-18.18.06:811][437]LogFbx: Warning: Bones digested - 1  Depth of hierarchy - 1
[2018.09.04-18.18.07:375][437]LogSkeletalMesh: Section 0: 14718 vertices, 1 active bones
[2018.09.04-18.18.07:685][437]LogSkeletalMesh: Section 0: Material=0, 28352 triangles
[2018.09.04-18.18.07:688][437]LogSkeletalMesh: Building Skeletal Mesh skull_skull_001...
[2018.09.04-18.18.07:737][437]LogSkeletalMesh: Built Skeletal Mesh [0.05s] /Game/Meshes/skull.skull_skull_001
[2018.09.04-18.18.07:744][437]LogLinker: Can't find file '/Game/Meshes/skull_skull_001_Skeleton'
[2018.09.04-18.18.07:744][437]LogLinker: Can't find file '/Game/Meshes/skull_skull_001_Skeleton'
[2018.09.04-18.18.07:748][437]LogLinker: Can't find file '/Game/Meshes/skull_skull_001_PhysicsAsset'
[2018.09.04-18.18.07:748][437]LogLinker: Can't find file '/Game/Meshes/skull_skull_001_PhysicsAsset'
[2018.09.04-18.18.07:758][437]LogSkeletalMesh: USkeletalMeshComponent::InitArticulated : Could not find root physics body: '/Engine/Transient.World_1:PersistentLevel.SkeletalMeshActor_0.SkeletalMeshComponent0'
[2018.09.04-18.18.07:765][437]LogFbx: =================================================
[2018.09.04-18.18.07:765][437]LogFbx: Dumping Node START [skull.001] 
[2018.09.04-18.18.07:765][437]LogFbx: 	Total Deformer Count -1586451264.
[2018.09.04-18.18.07:765][437]LogFbx: 	Attribute (skull.002) Type (4).
[2018.09.04-18.18.07:765][437]LogFbx: 		[Node Attribute Child 1] skull.001 (Type Mesh).
[2018.09.04-18.18.07:765][437]LogFbx: Dumping Node END [skull.001]
[2018.09.04-18.18.07:765][437]LogFbx: =================================================
[2018.09.04-18.18.07:765][437]LogFbx: Dumping Node START [skull] 
[2018.09.04-18.18.07:765][437]LogFbx: 	Total Deformer Count -2031955344.
[2018.09.04-18.18.07:765][437]LogFbx: 	Attribute (skull.003) Type (4).
[2018.09.04-18.18.07:765][437]LogFbx: 		[Node Attribute Child 1] skull (Type Mesh).
[2018.09.04-18.18.07:765][437]LogFbx: Dumping Node END [skull]
[2018.09.04-18.18.07:765][437]LogFbx: =================================================
[2018.09.04-18.18.07:765][437]LogFbx: Dumping Node START [skull.001] 
[2018.09.04-18.18.07:765][437]LogFbx: 	Total Deformer Count -1586454272.
[2018.09.04-18.18.07:765][437]LogFbx: 	Attribute (skull.002) Type (4).
[2018.09.04-18.18.07:765][437]LogFbx: 		[Node Attribute Child 1] skull.001 (Type Mesh).
[2018.09.04-18.18.07:765][437]LogFbx: Dumping Node END [skull.001]
[2018.09.04-18.18.07:765][437]LogFbx: =================================================
[2018.09.04-18.18.07:765][437]LogFbx: Dumping Node START [skull] 
[2018.09.04-18.18.07:765][437]LogFbx: 	Total Deformer Count -2031955344.
[2018.09.04-18.18.07:765][437]LogFbx: 	Attribute (skull.003) Type (4).
[2018.09.04-18.18.07:765][437]LogFbx: 		[Node Attribute Child 1] skull (Type Mesh).
[2018.09.04-18.18.07:765][437]LogFbx: Dumping Node END [skull]
[2018.09.04-18.18.07:765][437]LogFbx: SortedLinks :(0) skull_001
[2018.09.04-18.18.07:769][437]LogFbx: Parsing AnimStack skull.001|skull.001Action
[2018.09.04-18.18.07:769][437]LogLinker: Can't find file '/Game/Meshes/skull_skull_001_Anim'
[2018.09.04-18.18.07:769][437]LogLinker: Can't find file '/Game/Meshes/skull_skull_001_Anim'
[2018.09.04-18.18.07:775][437]LogAnimationCompression: Building Anim DDC data for AnimSequence /Game/Meshes/skull_skull_001_Anim.skull_skull_001_Anim
[2018.09.04-18.18.07:775][437]LogAnimationCompression: Recompressing (AnimSequence /Engine/Transient.skull_skull_001_Anim) using current/default (AnimCompress_BitwiseCompressOnly_0) bFirstRecompressUsingCurrentOrDefault(1) bTryAlternateCompressor(0) IsCompressedDataValid(0)
[2018.09.04-18.18.07:778][437]LogFbx: Warning: IMPORT TRANSFORM ERROR : Bone (skull_001:0) 
Source Global Transform (0.000811,0.000085,599.999878|0.000000,-0.000000,-91.150627|-100.000000,-99.999992,-99.999992), 
Converted Global Transform (0.000811,0.000085,599.999878|0.000000,-0.000000,88.849380|-100.000000,99.999992,99.999992)
[2018.09.04-18.18.07:778][437]LogFbx: Warning: IMPORT TRANSFORM ERROR : Bone (skull_001:0) 
Source Global Transform (0.000811,0.000085,597.783020|0.000000,-0.000000,-91.150627|-100.000000,-99.999992,-99.999992), 
Converted Global Transform (0.000811,0.000085,597.783020|0.000000,-0.000000,88.849380|-100.000000,99.999992,99.999992)
[2018.09.04-18.18.07:778][437]LogFbx: Warning: IMPORT TRANSFORM ERROR : Bone (skull_001:0) 
Source Global Transform (0.000811,0.000085,591.110962|0.000000,-0.000000,-91.150627|-100.000000,-99.999992,-99.999992), 
Converted Global Transform (0.000811,0.000085,591.110962|0.000000,-0.000000,88.849380|-100.000000,99.999992,99.999992)
[2018.09.04-18.18.07:778][437]LogFbx: Warning: IMPORT TRANSFORM ERROR : Bone (skull_001:0) 
Source Global Transform (0.000811,0.000085,580.262756|0.000000,-0.000000,-91.150627|-100.000000,-99.999992,-99.999992), 
Converted Global Transform (0.000811,0.000085,580.262756|0.000000,-0.000000,88.849380|-100.000000,99.999992,99.999992)
[2018.09.04-18.18.07:778][437]LogFbx: Warning: IMPORT TRANSFORM ERROR : Bone (skull_001:0) 
Source Global Transform (0.000811,0.000085,566.073730|0.000000,-0.000000,-91.150627|-100.000000,-99.999992,-99.999992), 
Converted Global Transform (0.000811,0.000085,566.073730|0.000000,-0.000000,88.849380|-100.000000,99.999992,99.999992)
[2018.09.04-18.18.07:778][437]LogFbx: Warning: IMPORT TRANSFORM ERROR : Bone (skull_001:0) 
Source Global Transform (0.000811,0.000085,549.999878|0.000000,-0.000000,-91.150627|-100.000000,-99.999992,-99.999992), 
Converted Global Transform (0.000811,0.000085,549.999878|0.000000,-0.000000,88.849380|-100.000000,99.999992,99.999992)
[2018.09.04-18.18.07:778][437]LogFbx: Warning: IMPORT TRANSFORM ERROR : Bone (skull_001:0) 
Source Global Transform (0.000811,0.000085,533.926086|0.000000,-0.000000,-91.150627|-100.000000,-99.999992,-99.999992), 
Converted Global Transform (0.000811,0.000085,533.926086|0.000000,-0.000000,88.849380|-100.000000,99.999992,99.999992)
[2018.09.04-18.18.07:778][437]LogFbx: Warning: IMPORT TRANSFORM ERROR : Bone (skull_001:0) 
Source Global Transform (0.000811,0.000085,519.737061|0.000000,-0.000000,-91.150627|-100.000000,-99.999992,-99.999992), 
Converted Global Transform (0.000811,0.000085,519.737061|0.000000,-0.000000,88.849380|-100.000000,99.999992,99.999992)
[2018.09.04-18.18.07:778][437]LogFbx: Warning: IMPORT TRANSFORM ERROR : Bone (skull_001:0) 
Source Global Transform (0.000811,0.000085,508.888763|0.000000,-0.000000,-91.150627|-100.000000,-99.999992,-99.999992), 
Converted Global Transform (0.000811,0.000085,508.888763|0.000000,-0.000000,88.849380|-100.000000,99.999992,99.999992)
[2018.09.04-18.18.07:778][437]LogFbx: Warning: IMPORT TRANSFORM ERROR : Bone (skull_001:0) 
Source Global Transform (0.000811,0.000085,502.216827|0.000000,-0.000000,-91.150627|-100.000000,-99.999992,-99.999992), 
Converted Global Transform (0.000811,0.000085,502.216827|0.000000,-0.000000,88.849380|-100.000000,99.999992,99.999992)
[2018.09.04-18.18.07:778][437]LogFbx: Warning: IMPORT TRANSFORM ERROR : Bone (skull_001:0) 
Source Global Transform (0.000811,0.000085,499.999908|0.000000,-0.000000,-91.150627|-100.000000,-99.999992,-99.999992), 
Converted Global Transform (0.000811,0.000085,499.999908|0.000000,-0.000000,88.849380|-100.000000,99.999992,99.999992)
[2018.09.04-18.18.07:778][437]LogFbx: Warning: IMPORT TRANSFORM ERROR : Bone (skull_001:0) 
Source Global Transform (0.000811,0.000085,502.216827|0.000000,-0.000000,-91.150627|-100.000000,-99.999992,-99.999992), 
Converted Global Transform (0.000811,0.000085,502.216827|0.000000,-0.000000,88.849380|-100.000000,99.999992,99.999992)
[2018.09.04-18.18.07:778][437]LogFbx: Warning: IMPORT TRANSFORM ERROR : Bone (skull_001:0) 
Source Global Transform (0.000811,0.000085,508.888824|0.000000,-0.000000,-91.150627|-100.000000,-99.999992,-99.999992), 
Converted Global Transform (0.000811,0.000085,508.888824|0.000000,-0.000000,88.849380|-100.000000,99.999992,99.999992)
[2018.09.04-18.18.07:778][437]LogFbx: Warning: IMPORT TRANSFORM ERROR : Bone (skull_001:0) 
Source Global Transform (0.000811,0.000085,519.737061|0.000000,-0.000000,-91.150627|-100.000000,-99.999992,-99.999992), 
Converted Global Transform (0.000811,0.000085,519.737061|0.000000,-0.000000,88.849380|-100.000000,99.999992,99.999992)
[2018.09.04-18.18.07:778][437]LogFbx: Warning: IMPORT TRANSFORM ERROR : Bone (skull_001:0) 
Source Global Transform (0.000811,0.000085,533.926086|0.000000,-0.000000,-91.150627|-100.000000,-99.999992,-99.999992), 
Converted Global Transform (0.000811,0.000085,533.926086|0.000000,-0.000000,88.849380|-100.000000,99.999992,99.999992)
[2018.09.04-18.18.07:778][437]LogFbx: Warning: IMPORT TRANSFORM ERROR : Bone (skull_001:0) 
Source Global Transform (0.000811,0.000085,549.999878|0.000000,-0.000000,-91.150627|-100.000000,-99.999992,-99.999992), 
Converted Global Transform (0.000811,0.000085,549.999878|0.000000,-0.000000,88.849380|-100.000000,99.999992,99.999992)
[2018.09.04-18.18.07:778][437]LogFbx: Warning: IMPORT TRANSFORM ERROR : Bone (skull_001:0) 
Source Global Transform (0.000811,0.000085,566.073730|0.000000,-0.000000,-91.150627|-100.000000,-99.999992,-99.999992), 
Converted Global Transform (0.000811,0.000085,566.073730|0.000000,-0.000000,88.849380|-100.000000,99.999992,99.999992)
[2018.09.04-18.18.07:778][437]LogFbx: Warning: IMPORT TRANSFORM ERROR : Bone (skull_001:0) 
Source Global Transform (0.000811,0.000085,580.262756|0.000000,-0.000000,-91.150627|-100.000000,-99.999992,-99.999992), 
Converted Global Transform (0.000811,0.000085,580.262756|0.000000,-0.000000,88.849380|-100.000000,99.999992,99.999992)
[2018.09.04-18.18.07:778][437]LogFbx: Warning: IMPORT TRANSFORM ERROR : Bone (skull_001:0) 
Source Global Transform (0.000811,0.000085,591.110962|0.000000,-0.000000,-91.150627|-100.000000,-99.999992,-99.999992), 
Converted Global Transform (0.000811,0.000085,591.110962|0.000000,-0.000000,88.849380|-100.000000,99.999992,99.999992)
[2018.09.04-18.18.07:778][437]LogFbx: Warning: IMPORT TRANSFORM ERROR : Bone (skull_001:0) 
Source Global Transform (0.000811,0.000085,597.783020|0.000000,-0.000000,-91.150627|-100.000000,-99.999992,-99.999992), 
Converted Global Transform (0.000811,0.000085,597.783020|0.000000,-0.000000,88.849380|-100.000000,99.999992,99.999992)
[2018.09.04-18.18.07:778][437]LogFbx: Warning: IMPORT TRANSFORM ERROR : Bone (skull_001:0) 
Source Global Transform (0.000811,0.000085,599.999878|0.000000,-0.000000,-91.150627|-100.000000,-99.999992,-99.999992), 
Converted Global Transform (0.000811,0.000085,599.999878|0.000000,-0.000000,88.849380|-100.000000,99.999992,99.999992)
[2018.09.04-18.18.07:786][437]LogFbx: Triangulating skeletal mesh skull
[2018.09.04-18.18.11:264][437]LogFbx: Warning: Bones digested - 1  Depth of hierarchy - 1
[2018.09.04-18.18.13:076][437]LogSkeletalMesh: Section 0: 41593 vertices, 1 active bones
[2018.09.04-18.18.15:571][437]LogSkeletalMesh: Section 0: Material=0, 81616 triangles
[2018.09.04-18.18.15:578][437]LogSkeletalMesh: Building Skeletal Mesh skull_skull...
[2018.09.04-18.18.15:734][437]LogSkeletalMesh: Built Skeletal Mesh [0.16s] /Game/Meshes/skull.skull_skull
[2018.09.04-18.18.15:751][437]LogLinker: Can't find file '/Game/Meshes/skull_skull_Skeleton'
[2018.09.04-18.18.15:751][437]LogLinker: Can't find file '/Game/Meshes/skull_skull_Skeleton'
[2018.09.04-18.18.15:758][437]LogLinker: Can't find file '/Game/Meshes/skull_skull_PhysicsAsset'
[2018.09.04-18.18.15:758][437]LogLinker: Can't find file '/Game/Meshes/skull_skull_PhysicsAsset'
[2018.09.04-18.18.15:778][437]LogSkeletalMesh: USkeletalMeshComponent::InitArticulated : Could not find root physics body: '/Engine/Transient.World_3:PersistentLevel.SkeletalMeshActor_2.SkeletalMeshComponent0'
[2018.09.04-18.18.15:788][437]LogFbx: =================================================
[2018.09.04-18.18.15:788][437]LogFbx: Dumping Node START [skull.001] 
[2018.09.04-18.18.15:788][437]LogFbx: 	Total Deformer Count -1403538496.
[2018.09.04-18.18.15:788][437]LogFbx: 	Attribute (skull.002) Type (4).
[2018.09.04-18.18.15:788][437]LogFbx: 		[Node Attribute Child 1] skull.001 (Type Mesh).
[2018.09.04-18.18.15:788][437]LogFbx: Dumping Node END [skull.001]
[2018.09.04-18.18.15:788][437]LogFbx: =================================================
[2018.09.04-18.18.15:788][437]LogFbx: Dumping Node START [skull] 
[2018.09.04-18.18.15:788][437]LogFbx: 	Total Deformer Count -1577476592.
[2018.09.04-18.18.15:788][437]LogFbx: 	Attribute (skull.003) Type (4).
[2018.09.04-18.18.15:788][437]LogFbx: 		[Node Attribute Child 1] skull (Type Mesh).
[2018.09.04-18.18.15:788][437]LogFbx: Dumping Node END [skull]
[2018.09.04-18.18.15:788][437]LogFbx: =================================================
[2018.09.04-18.18.15:788][437]LogFbx: Dumping Node START [skull.001] 
[2018.09.04-18.18.15:788][437]LogFbx: 	Total Deformer Count -1403536256.
[2018.09.04-18.18.15:788][437]LogFbx: 	Attribute (skull.002) Type (4).
[2018.09.04-18.18.15:788][437]LogFbx: 		[Node Attribute Child 1] skull.001 (Type Mesh).
[2018.09.04-18.18.15:788][437]LogFbx: Dumping Node END [skull.001]
[2018.09.04-18.18.15:788][437]LogFbx: =================================================
[2018.09.04-18.18.15:788][437]LogFbx: Dumping Node START [skull] 
[2018.09.04-18.18.15:788][437]LogFbx: 	Total Deformer Count -1577476592.
[2018.09.04-18.18.15:788][437]LogFbx: 	Attribute (skull.003) Type (4).
[2018.09.04-18.18.15:788][437]LogFbx: 		[Node Attribute Child 1] skull (Type Mesh).
[2018.09.04-18.18.15:788][437]LogFbx: Dumping Node END [skull]
[2018.09.04-18.18.15:789][437]LogFbx: SortedLinks :(0) skull
[2018.09.04-18.18.15:789][437]LogFbx: Parsing AnimStack skull.001|skull.001Action
[2018.09.04-18.18.15:789][437]LogLinker: Can't find file '/Game/Meshes/skull_skull_Anim'
[2018.09.04-18.18.15:789][437]LogLinker: Can't find file '/Game/Meshes/skull_skull_Anim'
[2018.09.04-18.18.15:792][437]LogAnimationCompression: Building Anim DDC data for AnimSequence /Game/Meshes/skull_skull_Anim.skull_skull_Anim
[2018.09.04-18.18.15:793][437]LogAnimationCompression: Recompressing (AnimSequence /Engine/Transient.skull_skull_Anim) using current/default (AnimCompress_BitwiseCompressOnly_0) bFirstRecompressUsingCurrentOrDefault(1) bTryAlternateCompressor(0) IsCompressedDataValid(0)
[2018.09.04-18.18.15:795][437]LogFbx: Warning: IMPORT TRANSFORM ERROR : Bone (skull:0) 
Source Global Transform (0.000811,0.000085,599.999878|0.000000,-0.000000,-91.150627|-100.000000,-99.999992,-99.999992), 
Converted Global Transform (0.000811,0.000085,599.999878|0.000000,-0.000000,88.849380|-100.000000,99.999992,99.999992)
[2018.09.04-18.18.15:795][437]LogFbx: Warning: IMPORT TRANSFORM ERROR : Bone (skull:0) 
Source Global Transform (0.000811,0.000085,599.999878|0.000000,-0.000000,-91.150627|-100.000000,-99.999992,-99.999992), 
Converted Global Transform (0.000811,0.000085,599.999878|0.000000,-0.000000,88.849380|-100.000000,99.999992,99.999992)
[2018.09.04-18.18.15:795][437]LogFbx: Warning: IMPORT TRANSFORM ERROR : Bone (skull:0) 
Source Global Transform (0.000811,0.000085,599.999878|0.000000,-0.000000,-91.150627|-100.000000,-99.999992,-99.999992), 
Converted Global Transform (0.000811,0.000085,599.999878|0.000000,-0.000000,88.849380|-100.000000,99.999992,99.999992)
[2018.09.04-18.18.15:795][437]LogFbx: Warning: IMPORT TRANSFORM ERROR : Bone (skull:0) 
Source Global Transform (0.000811,0.000085,599.999878|0.000000,-0.000000,-91.150627|-100.000000,-99.999992,-99.999992), 
Converted Global Transform (0.000811,0.000085,599.999878|0.000000,-0.000000,88.849380|-100.000000,99.999992,99.999992)
[2018.09.04-18.18.15:795][437]LogFbx: Warning: IMPORT TRANSFORM ERROR : Bone (skull:0) 
Source Global Transform (0.000811,0.000085,599.999878|0.000000,-0.000000,-91.150627|-100.000000,-99.999992,-99.999992), 
Converted Global Transform (0.000811,0.000085,599.999878|0.000000,-0.000000,88.849380|-100.000000,99.999992,99.999992)
[2018.09.04-18.18.15:795][437]LogFbx: Warning: IMPORT TRANSFORM ERROR : Bone (skull:0) 
Source Global Transform (0.000811,0.000085,599.999878|0.000000,-0.000000,-91.150627|-100.000000,-99.999992,-99.999992), 
Converted Global Transform (0.000811,0.000085,599.999878|0.000000,-0.000000,88.849380|-100.000000,99.999992,99.999992)
[2018.09.04-18.18.15:795][437]LogFbx: Warning: IMPORT TRANSFORM ERROR : Bone (skull:0) 
Source Global Transform (0.000811,0.000085,599.999878|0.000000,-0.000000,-91.150627|-100.000000,-99.999992,-99.999992), 
Converted Global Transform (0.000811,0.000085,599.999878|0.000000,-0.000000,88.849380|-100.000000,99.999992,99.999992)
[2018.09.04-18.18.15:795][437]LogFbx: Warning: IMPORT TRANSFORM ERROR : Bone (skull:0) 
Source Global Transform (0.000811,0.000085,599.999878|0.000000,-0.000000,-91.150627|-100.000000,-99.999992,-99.999992), 
Converted Global Transform (0.000811,0.000085,599.999878|0.000000,-0.000000,88.849380|-100.000000,99.999992,99.999992)
[2018.09.04-18.18.15:795][437]LogFbx: Warning: IMPORT TRANSFORM ERROR : Bone (skull:0) 
Source Global Transform (0.000811,0.000085,599.999878|0.000000,-0.000000,-91.150627|-100.000000,-99.999992,-99.999992), 
Converted Global Transform (0.000811,0.000085,599.999878|0.000000,-0.000000,88.849380|-100.000000,99.999992,99.999992)
[2018.09.04-18.18.15:795][437]LogFbx: Warning: IMPORT TRANSFORM ERROR : Bone (skull:0) 
Source Global Transform (0.000811,0.000085,599.999878|0.000000,-0.000000,-91.150627|-100.000000,-99.999992,-99.999992), 
Converted Global Transform (0.000811,0.000085,599.999878|0.000000,-0.000000,88.849380|-100.000000,99.999992,99.999992)
[2018.09.04-18.18.15:795][437]LogFbx: Warning: IMPORT TRANSFORM ERROR : Bone (skull:0) 
Source Global Transform (0.000811,0.000085,599.999878|0.000000,-0.000000,-91.150627|-100.000000,-99.999992,-99.999992), 
Converted Global Transform (0.000811,0.000085,599.999878|0.000000,-0.000000,88.849380|-100.000000,99.999992,99.999992)
[2018.09.04-18.18.15:795][437]LogFbx: Warning: IMPORT TRANSFORM ERROR : Bone (skull:0) 
Source Global Transform (0.000811,0.000085,599.999878|0.000000,-0.000000,-91.150627|-100.000000,-99.999992,-99.999992), 
Converted Global Transform (0.000811,0.000085,599.999878|0.000000,-0.000000,88.849380|-100.000000,99.999992,99.999992)
[2018.09.04-18.18.15:795][437]LogFbx: Warning: IMPORT TRANSFORM ERROR : Bone (skull:0) 
Source Global Transform (0.000811,0.000085,599.999878|0.000000,-0.000000,-91.150627|-100.000000,-99.999992,-99.999992), 
Converted Global Transform (0.000811,0.000085,599.999878|0.000000,-0.000000,88.849380|-100.000000,99.999992,99.999992)
[2018.09.04-18.18.15:795][437]LogFbx: Warning: IMPORT TRANSFORM ERROR : Bone (skull:0) 
Source Global Transform (0.000811,0.000085,599.999878|0.000000,-0.000000,-91.150627|-100.000000,-99.999992,-99.999992), 
Converted Global Transform (0.000811,0.000085,599.999878|0.000000,-0.000000,88.849380|-100.000000,99.999992,99.999992)
[2018.09.04-18.18.15:795][437]LogFbx: Warning: IMPORT TRANSFORM ERROR : Bone (skull:0) 
Source Global Transform (0.000811,0.000085,599.999878|0.000000,-0.000000,-91.150627|-100.000000,-99.999992,-99.999992), 
Converted Global Transform (0.000811,0.000085,599.999878|0.000000,-0.000000,88.849380|-100.000000,99.999992,99.999992)
[2018.09.04-18.18.15:796][437]LogFbx: Warning: IMPORT TRANSFORM ERROR : Bone (skull:0) 
Source Global Transform (0.000811,0.000085,599.999878|0.000000,-0.000000,-91.150627|-100.000000,-99.999992,-99.999992), 
Converted Global Transform (0.000811,0.000085,599.999878|0.000000,-0.000000,88.849380|-100.000000,99.999992,99.999992)
[2018.09.04-18.18.15:796][437]LogFbx: Warning: IMPORT TRANSFORM ERROR : Bone (skull:0) 
Source Global Transform (0.000811,0.000085,599.999878|0.000000,-0.000000,-91.150627|-100.000000,-99.999992,-99.999992), 
Converted Global Transform (0.000811,0.000085,599.999878|0.000000,-0.000000,88.849380|-100.000000,99.999992,99.999992)
[2018.09.04-18.18.15:796][437]LogFbx: Warning: IMPORT TRANSFORM ERROR : Bone (skull:0) 
Source Global Transform (0.000811,0.000085,599.999878|0.000000,-0.000000,-91.150627|-100.000000,-99.999992,-99.999992), 
Converted Global Transform (0.000811,0.000085,599.999878|0.000000,-0.000000,88.849380|-100.000000,99.999992,99.999992)
[2018.09.04-18.18.15:796][437]LogFbx: Warning: IMPORT TRANSFORM ERROR : Bone (skull:0) 
Source Global Transform (0.000811,0.000085,599.999878|0.000000,-0.000000,-91.150627|-100.000000,-99.999992,-99.999992), 
Converted Global Transform (0.000811,0.000085,599.999878|0.000000,-0.000000,88.849380|-100.000000,99.999992,99.999992)
[2018.09.04-18.18.15:796][437]LogFbx: Warning: IMPORT TRANSFORM ERROR : Bone (skull:0) 
Source Global Transform (0.000811,0.000085,599.999878|0.000000,-0.000000,-91.150627|-100.000000,-99.999992,-99.999992), 
Converted Global Transform (0.000811,0.000085,599.999878|0.000000,-0.000000,88.849380|-100.000000,99.999992,99.999992)
[2018.09.04-18.18.15:796][437]LogFbx: Warning: IMPORT TRANSFORM ERROR : Bone (skull:0) 
Source Global Transform (0.000811,0.000085,599.999878|0.000000,-0.000000,-91.150627|-100.000000,-99.999992,-99.999992), 
Converted Global Transform (0.000811,0.000085,599.999878|0.000000,-0.000000,88.849380|-100.000000,99.999992,99.999992)
[2018.09.04-18.18.15:796][437]LogFbx: Warning: IMPORT TRANSFORM ERROR : Bone (skull:0) 
Source Global Transform (0.000811,0.000085,599.999878|0.000000,-0.000000,-91.150627|-100.000000,-99.999992,-99.999992), 
Converted Global Transform (0.000811,0.000085,599.999878|0.000000,-0.000000,88.849380|-100.000000,99.999992,99.999992)
[2018.09.04-18.18.15:796][437]LogFbx: Warning: IMPORT TRANSFORM ERROR : Bone (skull:0) 
Source Global Transform (0.000811,0.000085,599.999878|0.000000,-0.000000,-91.150627|-100.000000,-99.999992,-99.999992), 
Converted Global Transform (0.000811,0.000085,599.999878|0.000000,-0.000000,88.849380|-100.000000,99.999992,99.999992)
[2018.09.04-18.18.15:796][437]LogFbx: Warning: IMPORT TRANSFORM ERROR : Bone (skull:0) 
Source Global Transform (0.000811,0.000085,599.999878|0.000000,-0.000000,-91.150627|-100.000000,-99.999992,-99.999992), 
Converted Global Transform (0.000811,0.000085,599.999878|0.000000,-0.000000,88.849380|-100.000000,99.999992,99.999992)
[2018.09.04-18.18.15:796][437]LogFbx: Warning: IMPORT TRANSFORM ERROR : Bone (skull:0) 
Source Global Transform (0.000811,0.000085,599.999878|0.000000,-0.000000,-91.150627|-100.000000,-99.999992,-99.999992), 
Converted Global Transform (0.000811,0.000085,599.999878|0.000000,-0.000000,88.849380|-100.000000,99.999992,99.999992)
[2018.09.04-18.18.15:796][437]LogFbx: Warning: IMPORT TRANSFORM ERROR : Bone (skull:0) 
Source Global Transform (0.000811,0.000085,599.999878|0.000000,-0.000000,-91.150627|-100.000000,-99.999992,-99.999992), 
Converted Global Transform (0.000811,0.000085,599.999878|0.000000,-0.000000,88.849380|-100.000000,99.999992,99.999992)
[2018.09.04-18.18.15:809][437]FBXImport: Warning: No smoothing group information was found in this FBX scene.  Please make sure to enable the 'Export Smoothing Groups' option in the FBX Exporter plug-in before exporting the file.  Even for tools that don't support smoothing groups, the FBX Exporter will generate appropriate smoothing data at export-time so that correct vertex normals can be inferred while importing. 
[2018.09.04-18.18.15:810][437]FBXImport: Warning: Could not find the bind pose.  It will use time 0 as bind pose. 
[2018.09.04-18.18.15:810][437]FBXImport: Warning: Mesh 'skull.001' has no UV set. Creating a default set. 
[2018.09.04-18.18.15:810][437]FBXImport: Warning: Imported bone transform is different from original. Please check Output Log to see detail of error.  
[2018.09.04-18.18.15:810][437]FBXImport: Warning: Could not find the bind pose.  It will use time 0 as bind pose. 
[2018.09.04-18.18.15:810][437]FBXImport: Warning: Mesh 'skull' has no UV set. Creating a default set. 
[2018.09.04-18.18.15:810][437]FBXImport: Warning: Imported bone transform is different from original. Please check Output Log to see detail of error.  
[2018.09.04-18.18.15:819][437]LogSkeletalMesh: Building Skeletal Mesh skull_skull...
[2018.09.04-18.18.15:974][437]LogSkeletalMesh: Built Skeletal Mesh [0.15s] /Game/Meshes/skull.skull_skull
[2018.09.04-18.18.29:054][477]LogSlate: Window 'Message Log' being destroyed
[2018.09.04-18.18.29:057][477]LogSlate: Window 'Message Log' being destroyed
[2018.09.04-18.19.08:894][757]LogSlate: Window 'Delete Assets' being destroyed
[2018.09.04-18.19.09:407][757]LogSkeletalMesh: Building Skeletal Mesh skull_skull...
[2018.09.04-18.19.09:557][757]LogSkeletalMesh: Built Skeletal Mesh [0.15s] /Game/Meshes/skull.skull_skull
[2018.09.04-18.19.09:600][757]LogSkeletalMesh: Building Skeletal Mesh skull_skull...
[2018.09.04-18.19.09:742][757]LogSkeletalMesh: Built Skeletal Mesh [0.14s] /Game/Meshes/skull.skull_skull
[2018.09.04-18.19.09:783][757]LogSkeletalMesh: Building Skeletal Mesh skull_skull_001...
[2018.09.04-18.19.09:832][757]LogSkeletalMesh: Built Skeletal Mesh [0.05s] /Game/Meshes/skull.skull_skull_001
[2018.09.04-18.19.09:837][757]LogSkeletalMesh: Building Skeletal Mesh skull_skull_001...
[2018.09.04-18.19.09:883][757]LogSkeletalMesh: Built Skeletal Mesh [0.05s] /Game/Meshes/skull.skull_skull_001
[2018.09.04-18.19.13:126][ 86]LogTemp: Repeating last play command: Selected Viewport
[2018.09.04-18.19.13:150][ 86]LogPlayLevel: PlayLevel: No blueprints needed recompiling
[2018.09.04-18.19.13:150][ 86]PIE: New page: PIE session: TestMaze (Sep 4, 2018, 4:19:13 AM)
[2018.09.04-18.19.13:150][ 86]LogPlayLevel: Creating play world package: /Game/Maps/UEDPIE_0_TestMaze
[2018.09.04-18.19.13:153][ 86]LogPlayLevel: PIE: StaticDuplicateObject took: (0.002640s)
[2018.09.04-18.19.13:154][ 86]LogAIModule: Creating AISystem for world TestMaze
[2018.09.04-18.19.13:154][ 86]LogPlayLevel: PIE: World Init took: (0.000889s)
[2018.09.04-18.19.13:154][ 86]LogPlayLevel: PIE: Created PIE world by copying editor world from /Game/Maps/TestMaze.TestMaze to /Game/Maps/UEDPIE_0_TestMaze.TestMaze (0.003692s)
[2018.09.04-18.19.13:176][ 86]LogInit: XAudio2 using 'Speakers (2- High Definition Audio Device)' : 2 channels at 48 kHz using 16 bits per sample (channel mask 0x3)
[2018.09.04-18.19.13:187][ 86]LogInit: FAudioDevice initialized.
[2018.09.04-18.19.13:219][ 86]LogLoad: Game class is 'MainGM_C'
[2018.09.04-18.19.13:222][ 86]LogWorld: Bringing World /Game/Maps/UEDPIE_0_TestMaze.TestMaze up for play (max tick rate 0) at 2018.09.04-11.19.13
[2018.09.04-18.19.13:222][ 86]LogWorld: Bringing up level for play took: 0.001867
[2018.09.04-18.19.13:225][ 86]PIE: Play in editor start time for /Game/Maps/UEDPIE_0_TestMaze 0.747
[2018.09.04-18.19.36:639][881]LogSlate: FSceneViewport::OnFocusLost() reason 0
[2018.09.04-18.19.53:939][892]LogUObjectGlobals: Created PersistentFrame Addr=0x00000208b0f25fc0, Size=168, Default__CubicEQ_C Function /Game/Blueprints/Effects/CubicEQ.CubicEQ_C:ExecuteUbergraph_CubicEQ
[2018.09.04-18.19.53:941][892]LogUObjectGlobals: Destroyed PersistentFrame Addr=0x00000208b0f25fc0, Size=168
[2018.09.04-18.19.53:941][892]LogUObjectGlobals: Created PersistentFrame Addr=0x00000208b0f25fc0, Size=168, Default__CubicEQ_C Function /Engine/Transient.REINST_CubicEQ_C_11:ExecuteUbergraph_CubicEQ
[2018.09.04-18.19.53:943][892]LogUObjectGlobals: Created PersistentFrame Addr=0x00000208b0f27e80, Size=168, Default__CubicEQ_C Function /Game/Blueprints/Effects/CubicEQ.CubicEQ_C:ExecuteUbergraph_CubicEQ
[2018.09.04-18.19.54:477][892]LogContentBrowser: Native class hierarchy updated for 'BlueprintGraph' in 0.0008 seconds. Added 116 classes and 0 folders.
[2018.09.04-18.19.54:901][892]LogUObjectGlobals: Created PersistentFrame Addr=0x00000208ab22da28, Size=4, Default__SKEL_PROTO_BP_AnimBlueprint_0_C Function /Engine/Transient.SKEL_PROTO_BP_AnimBlueprint_0_C:ExecuteUbergraph_PROTO_BP_AnimBlueprint_0
[2018.09.04-18.19.54:902][892]LogUObjectGlobals: Created PersistentFrame Addr=0x00000208ab22da20, Size=4, Default__PROTO_BP_AnimBlueprint_0_C Function /Engine/Transient.PROTO_BP_AnimBlueprint_0_C:ExecuteUbergraph_PROTO_BP_AnimBlueprint_0
[2018.09.04-18.19.55:564][892]LogSlate: Took 0.004252 seconds to synchronously load lazily loaded font '../../../Engine/Content/Slate/Fonts/Roboto-BoldCondensed.ttf' (158K)
[2018.09.04-18.19.55:671][893]LogSlate: Took 0.004391 seconds to synchronously load lazily loaded font '../../../Engine/Content/Slate/Fonts/Roboto-Italic.ttf' (157K)
[2018.09.04-18.19.57:043][  1]LogSlate: Window 'CubicEQ' being destroyed
[2018.09.04-18.23.26:099][266]LogUObjectGlobals: Destroyed PersistentFrame Addr=0x00000208b0f25fc0, Size=168
[2018.09.04-18.23.26:101][266]LogFileHelpers: Editor autosave (incl. sublevels) for '/Game/Maps/TestMaze' took 0.026
[2018.09.04-18.24.10:241][513]LogSlate: Window 'RhythmWidgetBP*' being destroyed
[2018.09.04-18.24.15:743][932]LogSlate: Window 'Pick Parent Class' being destroyed
[2018.09.04-18.24.25:694][997]LogSlate: Window 'RhythmWidgetBP*' being destroyed
[2018.09.04-18.24.27:236][125]LogRenderer: Reallocating scene render targets to support 760x476 Format 10 NumSamples 1 (Frame:1).
[2018.09.04-18.24.28:836][256]LogRenderer: Reallocating scene render targets to support 760x480 Format 10 NumSamples 1 (Frame:133).
[2018.09.04-18.24.28:849][256]LogSlate: Window 'BeatDectionAlgorithm*' being destroyed
[2018.09.04-18.24.28:909][257]LogRenderer: Reallocating scene render targets to support 760x496 Format 10 NumSamples 1 (Frame:135).
[2018.09.04-18.24.30:301][372]LogEditorViewport: Clicking on Actor (LMB): BP_Sky_Sphere_C (Sky Sphere)
[2018.09.04-18.24.30:322][372]LogEditorViewport: Clicking on Component (LMB): StaticMeshComponent (Sky Sphere mesh)
[2018.09.04-18.24.31:386][444]LogSlate: FSceneViewport::OnFocusLost() reason 0
[2018.09.04-18.24.31:522][451]LogRenderer: Reallocating scene render targets to support 760x500 Format 10 NumSamples 1 (Frame:330).
[2018.09.04-18.24.32:448][530]LogSlate: Window 'BeatDectionAlgorithm*' being destroyed
[2018.09.04-18.26.17:117][805]LogSlate: FSceneViewport::OnFocusLost() reason 0
[2018.09.04-18.26.17:226][817]LogTemp: Repeating last play command: Selected Viewport
[2018.09.04-18.26.17:271][817]BlueprintLog: New page: Pre-Play auto-recompile
[2018.09.04-18.26.17:274][817]LogPlayLevel: [PlayLevel] Compiling BeatDectionAlgorithm before play...
[2018.09.04-18.26.17:279][817]LogUObjectGlobals: Created PersistentFrame Addr=0x00000208f761c0a0, Size=48, Default__BeatDectionAlgorithm_C Function /Game/Blueprints/BeatDectionAlgorithm.BeatDectionAlgorithm_C:ExecuteUbergraph_BeatDectionAlgorithm
[2018.09.04-18.26.17:571][817]LogPlayLevel: [PlayLevel] Compiling RhythmWidgetBP before play...
[2018.09.04-18.26.17:688][817]LogPlayLevel: PlayLevel: Blueprint regeneration took 417 ms (2 blueprints)
[2018.09.04-18.26.17:688][817]PIE: New page: PIE session: TestMaze (Sep 4, 2018, 4:26:17 AM)
[2018.09.04-18.26.17:688][817]LogPlayLevel: Creating play world package: /Game/Maps/UEDPIE_0_TestMaze
[2018.09.04-18.26.17:691][817]LogPlayLevel: PIE: StaticDuplicateObject took: (0.002651s)
[2018.09.04-18.26.17:691][817]LogAIModule: Creating AISystem for world TestMaze
[2018.09.04-18.26.17:692][817]LogPlayLevel: PIE: World Init took: (0.001025s)
[2018.09.04-18.26.17:692][817]LogPlayLevel: PIE: Created PIE world by copying editor world from /Game/Maps/TestMaze.TestMaze to /Game/Maps/UEDPIE_0_TestMaze.TestMaze (0.003844s)
[2018.09.04-18.26.17:727][817]LogInit: XAudio2 using 'Speakers (2- High Definition Audio Device)' : 2 channels at 48 kHz using 16 bits per sample (channel mask 0x3)
[2018.09.04-18.26.17:738][817]LogInit: FAudioDevice initialized.
[2018.09.04-18.26.17:770][817]LogLoad: Game class is 'MainGM_C'
[2018.09.04-18.26.17:773][817]LogWorld: Bringing World /Game/Maps/UEDPIE_0_TestMaze.TestMaze up for play (max tick rate 0) at 2018.09.04-11.26.17
[2018.09.04-18.26.17:773][817]LogWorld: Bringing up level for play took: 0.001958
[2018.09.04-18.26.17:775][817]PIE: Play in editor start time for /Game/Maps/UEDPIE_0_TestMaze 1.298
[2018.09.04-18.26.17:776][817]LogOutputDevice: Warning: 

Script Stack:
BeatDectionAlgorithm_C.ExecuteUbergraph_BeatDectionAlgorithm
BeatDectionAlgorithm_C.ReceiveTick

[2018.09.04-18.26.17:799][817]LogWindows: Windows GetLastError: The operation completed successfully. (0)
[2018.09.04-18.26.23:839][817]LogWindows: Error: === Critical error: ===
[2018.09.04-18.26.23:839][817]LogWindows: Error: 
[2018.09.04-18.26.23:839][817]LogWindows: Error: Assertion failed: (Index >= 0) & (Index < ArrayNum) [File:D:\Build\++UE4+Release-4.19+Compile\Sync\Engine\Source\Runtime\Core\Public\Containers/Array.h] [Line: 610] 
[2018.09.04-18.26.23:839][817]LogWindows: Error: Array index out of bounds: 0 from an array of size 0
[2018.09.04-18.26.23:839][817]LogWindows: Error: 
[2018.09.04-18.26.23:839][817]LogWindows: Error: 
[2018.09.04-18.26.23:839][817]LogWindows: Error: [Callstack] 0x000000000DE0A388 KERNELBASE.dll!UnknownFunction []
[2018.09.04-18.26.23:839][817]LogWindows: Error: [Callstack] 0x00000000E9627884 UE4Editor-ApplicationCore.dll!UnknownFunction []
[2018.09.04-18.26.23:839][817]LogWindows: Error: [Callstack] 0x00000000D4096D9B UE4Editor-Core.dll!UnknownFunction []
[2018.09.04-18.26.23:839][817]LogWindows: Error: [Callstack] 0x00000000D3FD1949 UE4Editor-Core.dll!UnknownFunction []
[2018.09.04-18.26.23:839][817]LogWindows: Error: [Callstack] 0x00000000A7C92B2F UE4Editor-SoundVisualizations.dll!UnknownFunction []
[2018.09.04-18.26.23:839][817]LogWindows: Error: [Callstack] 0x00000000A7C94477 UE4Editor-SoundVisualizations.dll!UnknownFunction []
[2018.09.04-18.26.23:839][817]LogWindows: Error: [Callstack] 0x00000000D48AE094 UE4Editor-CoreUObject.dll!UnknownFunction []
[2018.09.04-18.26.23:839][817]LogWindows: Error: [Callstack] 0x00000000D4A80781 UE4Editor-CoreUObject.dll!UnknownFunction []
[2018.09.04-18.26.23:839][817]LogWindows: Error: [Callstack] 0x00000000D4A987B1 UE4Editor-CoreUObject.dll!UnknownFunction []
[2018.09.04-18.26.23:839][817]LogWindows: Error: [Callstack] 0x00000000D4A9AA82 UE4Editor-CoreUObject.dll!UnknownFunction []
[2018.09.04-18.26.23:839][817]LogWindows: Error: [Callstack] 0x00000000D4A811EE UE4Editor-CoreUObject.dll!UnknownFunction []
[2018.09.04-18.26.23:839][817]LogWindows: Error: [Callstack] 0x00000000D4A9AA82 UE4Editor-CoreUObject.dll!UnknownFunction []
[2018.09.04-18.26.23:839][817]LogWindows: Error: [Callstack] 0x00000000D48AE094 UE4Editor-CoreUObject.dll!UnknownFunction []
[2018.09.04-18.26.23:839][817]LogWindows: Error: [Callstack] 0x00000000D4A99D73 UE4Editor-CoreUObject.dll!UnknownFunction []
[2018.09.04-18.26.23:839][817]LogWindows: Error: [Callstack] 0x00000000B805CCFB UE4Editor-Engine.dll!UnknownFunction []
[2018.09.04-18.26.23:839][817]LogWindows: Error: [Callstack] 0x00000000B92F6B0A UE4Editor-Engine.dll!UnknownFunction []
[2018.09.04-18.26.23:839][817]LogWindows: Error: [Callstack] 0x00000000B807E3AC UE4Editor-Engine.dll!UnknownFunction []
[2018.09.04-18.26.23:839][817]LogWindows: Error: [Callstack] 0x00000000B807E9C7 UE4Editor-Engine.dll!UnknownFunction []
[2018.09.04-18.26.23:839][817]LogWindows: Error: [Callstack] 0x00000000B80300E4 UE4Editor-Engine.dll!UnknownFunction []
[2018.09.04-18.26.23:839][817]LogWindows: Error: [Callstack] 0x00000000B91370BB UE4Editor-Engine.dll!UnknownFunction []
[2018.09.04-18.26.23:839][817]LogWindows: Error: [Callstack] 0x00000000B913C793 UE4Editor-Engine.dll!UnknownFunction []
[2018.09.04-18.26.23:839][817]LogWindows: Error: [Callstack] 0x00000000D3EAB713 UE4Editor-Core.dll!UnknownFunction []
[2018.09.04-18.26.23:839][817]LogWindows: Error: [Callstack] 0x00000000D3EABD3A UE4Editor-Core.dll!UnknownFunction []
[2018.09.04-18.26.23:839][817]LogWindows: Error: [Callstack] 0x00000000D3ECECFE UE4Editor-Core.dll!UnknownFunction []
[2018.09.04-18.26.23:839][817]LogWindows: Error: [Callstack] 0x00000000B915D771 UE4Editor-Engine.dll!UnknownFunction []
[2018.09.04-18.26.23:839][817]LogWindows: Error: [Callstack] 0x00000000B9163292 UE4Editor-Engine.dll!UnknownFunction []
[2018.09.04-18.26.23:839][817]LogWindows: Error: [Callstack] 0x00000000B89BC304 UE4Editor-Engine.dll!UnknownFunction []
[2018.09.04-18.26.23:839][817]LogWindows: Error: [Callstack] 0x00000000B89C756B UE4Editor-Engine.dll!UnknownFunction []
[2018.09.04-18.26.23:839][817]LogWindows: Error: [Callstack] 0x00000000BFD2D781 UE4Editor-UnrealEd.dll!UnknownFunction []
[2018.09.04-18.26.23:839][817]LogWindows: Error: [Callstack] 0x00000000C05C9626 UE4Editor-UnrealEd.dll!UnknownFunction []
[2018.09.04-18.26.23:839][817]LogWindows: Error: [Callstack] 0x000000009F8E5EAC UE4Editor.exe!UnknownFunction []
[2018.09.04-18.26.23:839][817]LogWindows: Error: [Callstack] 0x000000009F8F6BD0 UE4Editor.exe!UnknownFunction []
[2018.09.04-18.26.23:839][817]LogWindows: Error: [Callstack] 0x000000009F8F6C4A UE4Editor.exe!UnknownFunction []
[2018.09.04-18.26.23:839][817]LogWindows: Error: [Callstack] 0x000000009F904177 UE4Editor.exe!UnknownFunction []
[2018.09.04-18.26.23:839][817]LogWindows: Error: [Callstack] 0x000000009F905B87 UE4Editor.exe!UnknownFunction []
[2018.09.04-18.26.23:839][817]LogWindows: Error: [Callstack] 0x0000000010943034 KERNEL32.DLL!UnknownFunction []
[2018.09.04-18.26.23:839][817]LogWindows: Error: [Callstack] 0x0000000011361431 ntdll.dll!UnknownFunction []
[2018.09.04-18.26.23:839][817]LogWindows: Error: [Callstack] 0x0000000011361431 ntdll.dll!UnknownFunction []
[2018.09.04-18.26.23:839][817]LogWindows: Error: 
[2018.09.04-18.26.23:853][817]LogExit: Executing StaticShutdownAfterError
[2018.09.04-18.26.23:856][817]LogWindows: FPlatformMisc::RequestExit(1)
[2018.09.04-18.26.23:856][817]Log file closed, 09/04/18 11:26:23
